{"code":"42P01","file":"parse_relation.c","length":115,"level":"error","line":"1392","message":"relation \"warehouse_basket\" does not exist","name":"error","position":"15","routine":"parserOpenTable","service":"pickapp-service","severity":"ERROR","stack":"error: relation \"warehouse_basket\" does not exist\n    at Parser.parseErrorMessage (C:\\Distrib\\TZ\\WarehouseService\\node_modules\\pg-protocol\\dist\\parser.js:283:98)\n    at Parser.handlePacket (C:\\Distrib\\TZ\\WarehouseService\\node_modules\\pg-protocol\\dist\\parser.js:122:29)\n    at Parser.parse (C:\\Distrib\\TZ\\WarehouseService\\node_modules\\pg-protocol\\dist\\parser.js:35:38)\n    at Socket.<anonymous> (C:\\Distrib\\TZ\\WarehouseService\\node_modules\\pg-protocol\\dist\\index.js:11:42)\n    at Socket.emit (events.js:315:20)\n    at addChunk (internal/streams/readable.js:309:12)\n    at readableAddChunk (internal/streams/readable.js:284:9)\n    at Socket.Readable.push (internal/streams/readable.js:223:10)\n    at TCP.onStreamRead (internal/stream_base_commons.js:188:23)\n    at TCP.callbackTrampoline (internal/async_hooks.js:131:14)","timestamp":"2025-01-19T15:32:40.345Z"}
{"code":"42P01","file":"parse_relation.c","length":115,"level":"error","line":"1392","message":"relation \"warehouse_basket\" does not exist","name":"error","position":"15","routine":"parserOpenTable","service":"pickapp-service","severity":"ERROR","stack":"error: relation \"warehouse_basket\" does not exist\n    at Parser.parseErrorMessage (C:\\Distrib\\TZ\\WarehouseService\\node_modules\\pg-protocol\\dist\\parser.js:283:98)\n    at Parser.handlePacket (C:\\Distrib\\TZ\\WarehouseService\\node_modules\\pg-protocol\\dist\\parser.js:122:29)\n    at Parser.parse (C:\\Distrib\\TZ\\WarehouseService\\node_modules\\pg-protocol\\dist\\parser.js:35:38)\n    at Socket.<anonymous> (C:\\Distrib\\TZ\\WarehouseService\\node_modules\\pg-protocol\\dist\\index.js:11:42)\n    at Socket.emit (events.js:315:20)\n    at addChunk (internal/streams/readable.js:309:12)\n    at readableAddChunk (internal/streams/readable.js:284:9)\n    at Socket.Readable.push (internal/streams/readable.js:223:10)\n    at TCP.onStreamRead (internal/stream_base_commons.js:188:23)\n    at TCP.callbackTrampoline (internal/async_hooks.js:131:14)","timestamp":"2025-01-19T15:33:36.003Z"}
{"code":"42P01","file":"parse_relation.c","length":115,"level":"error","line":"1392","message":"relation \"warehouse_basket\" does not exist","name":"error","position":"15","routine":"parserOpenTable","service":"pickapp-service","severity":"ERROR","stack":"error: relation \"warehouse_basket\" does not exist\n    at Parser.parseErrorMessage (C:\\Distrib\\TZ\\WarehouseService\\node_modules\\pg-protocol\\dist\\parser.js:283:98)\n    at Parser.handlePacket (C:\\Distrib\\TZ\\WarehouseService\\node_modules\\pg-protocol\\dist\\parser.js:122:29)\n    at Parser.parse (C:\\Distrib\\TZ\\WarehouseService\\node_modules\\pg-protocol\\dist\\parser.js:35:38)\n    at Socket.<anonymous> (C:\\Distrib\\TZ\\WarehouseService\\node_modules\\pg-protocol\\dist\\index.js:11:42)\n    at Socket.emit (events.js:315:20)\n    at addChunk (internal/streams/readable.js:309:12)\n    at readableAddChunk (internal/streams/readable.js:284:9)\n    at Socket.Readable.push (internal/streams/readable.js:223:10)\n    at TCP.onStreamRead (internal/stream_base_commons.js:188:23)\n    at TCP.callbackTrampoline (internal/async_hooks.js:131:14)","timestamp":"2025-01-19T15:41:08.452Z"}
{"code":"42P01","file":"parse_relation.c","length":115,"level":"error","line":"1392","message":"relation \"warehouse_basket\" does not exist","name":"error","position":"15","routine":"parserOpenTable","service":"pickapp-service","severity":"ERROR","stack":"error: relation \"warehouse_basket\" does not exist\n    at Parser.parseErrorMessage (C:\\Distrib\\TZ\\WarehouseService\\node_modules\\pg-protocol\\dist\\parser.js:283:98)\n    at Parser.handlePacket (C:\\Distrib\\TZ\\WarehouseService\\node_modules\\pg-protocol\\dist\\parser.js:122:29)\n    at Parser.parse (C:\\Distrib\\TZ\\WarehouseService\\node_modules\\pg-protocol\\dist\\parser.js:35:38)\n    at Socket.<anonymous> (C:\\Distrib\\TZ\\WarehouseService\\node_modules\\pg-protocol\\dist\\index.js:11:42)\n    at Socket.emit (events.js:315:20)\n    at addChunk (internal/streams/readable.js:309:12)\n    at readableAddChunk (internal/streams/readable.js:284:9)\n    at Socket.Readable.push (internal/streams/readable.js:223:10)\n    at TCP.onStreamRead (internal/stream_base_commons.js:188:23)\n    at TCP.callbackTrampoline (internal/async_hooks.js:131:14)","timestamp":"2025-01-19T17:52:47.287Z"}
{"code":"42P01","file":"parse_relation.c","length":115,"level":"error","line":"1392","message":"relation \"warehouse_basket\" does not exist","name":"error","position":"15","routine":"parserOpenTable","service":"pickapp-service","severity":"ERROR","stack":"error: relation \"warehouse_basket\" does not exist\n    at Parser.parseErrorMessage (C:\\Distrib\\TZ\\WarehouseService\\node_modules\\pg-protocol\\dist\\parser.js:283:98)\n    at Parser.handlePacket (C:\\Distrib\\TZ\\WarehouseService\\node_modules\\pg-protocol\\dist\\parser.js:122:29)\n    at Parser.parse (C:\\Distrib\\TZ\\WarehouseService\\node_modules\\pg-protocol\\dist\\parser.js:35:38)\n    at Socket.<anonymous> (C:\\Distrib\\TZ\\WarehouseService\\node_modules\\pg-protocol\\dist\\index.js:11:42)\n    at Socket.emit (events.js:315:20)\n    at addChunk (internal/streams/readable.js:309:12)\n    at readableAddChunk (internal/streams/readable.js:284:9)\n    at Socket.Readable.push (internal/streams/readable.js:223:10)\n    at TCP.onStreamRead (internal/stream_base_commons.js:188:23)\n    at TCP.callbackTrampoline (internal/async_hooks.js:131:14)","timestamp":"2025-01-19T18:05:12.147Z"}
{"code":"42P01","file":"parse_relation.c","length":115,"level":"error","line":"1392","message":"relation \"warehouse_basket\" does not exist","name":"error","position":"15","routine":"parserOpenTable","service":"pickapp-service","severity":"ERROR","stack":"error: relation \"warehouse_basket\" does not exist\n    at Parser.parseErrorMessage (C:\\Distrib\\TZ\\WarehouseService\\node_modules\\pg-protocol\\dist\\parser.js:283:98)\n    at Parser.handlePacket (C:\\Distrib\\TZ\\WarehouseService\\node_modules\\pg-protocol\\dist\\parser.js:122:29)\n    at Parser.parse (C:\\Distrib\\TZ\\WarehouseService\\node_modules\\pg-protocol\\dist\\parser.js:35:38)\n    at Socket.<anonymous> (C:\\Distrib\\TZ\\WarehouseService\\node_modules\\pg-protocol\\dist\\index.js:11:42)\n    at Socket.emit (events.js:315:20)\n    at addChunk (internal/streams/readable.js:309:12)\n    at readableAddChunk (internal/streams/readable.js:284:9)\n    at Socket.Readable.push (internal/streams/readable.js:223:10)\n    at TCP.onStreamRead (internal/stream_base_commons.js:188:23)\n    at TCP.callbackTrampoline (internal/async_hooks.js:131:14)","timestamp":"2025-01-19T18:06:07.972Z"}
{"code":"42P01","file":"parse_relation.c","length":115,"level":"error","line":"1392","message":"relation \"warehouse_basket\" does not exist","name":"error","position":"15","routine":"parserOpenTable","service":"pickapp-service","severity":"ERROR","stack":"error: relation \"warehouse_basket\" does not exist\n    at Parser.parseErrorMessage (C:\\Distrib\\TZ\\WarehouseService\\node_modules\\pg-protocol\\dist\\parser.js:283:98)\n    at Parser.handlePacket (C:\\Distrib\\TZ\\WarehouseService\\node_modules\\pg-protocol\\dist\\parser.js:122:29)\n    at Parser.parse (C:\\Distrib\\TZ\\WarehouseService\\node_modules\\pg-protocol\\dist\\parser.js:35:38)\n    at Socket.<anonymous> (C:\\Distrib\\TZ\\WarehouseService\\node_modules\\pg-protocol\\dist\\index.js:11:42)\n    at Socket.emit (events.js:315:20)\n    at addChunk (internal/streams/readable.js:309:12)\n    at readableAddChunk (internal/streams/readable.js:284:9)\n    at Socket.Readable.push (internal/streams/readable.js:223:10)\n    at TCP.onStreamRead (internal/stream_base_commons.js:188:23)\n    at TCP.callbackTrampoline (internal/async_hooks.js:131:14)","timestamp":"2025-01-19T18:08:03.549Z"}
{"level":"error","message":"Cannot read property 'length' of undefined","service":"pickapp-service","stack":"TypeError: Cannot read property 'length' of undefined\n    at getBasketId (C:\\Distrib\\TZ\\WarehouseService\\node_modules\\openfsm-basket-helper\\BasketHelper.js:120:31)\n    at processTicksAndRejections (internal/process/task_queues.js:93:5)\n    at async Object.getBasket (C:\\Distrib\\TZ\\WarehouseService\\node_modules\\openfsm-basket-helper\\BasketHelper.js:94:20)\n    at async exports.getBasket (C:\\Distrib\\TZ\\WarehouseService\\controllers\\basketController.js:98:23)","timestamp":"2025-01-19T18:15:45.786Z"}
{"level":"error","message":"Cannot read property 'length' of undefined","service":"pickapp-service","stack":"TypeError: Cannot read property 'length' of undefined\n    at getBasketId (C:\\Distrib\\TZ\\WarehouseService\\node_modules\\openfsm-basket-helper\\BasketHelper.js:120:31)\n    at processTicksAndRejections (internal/process/task_queues.js:93:5)\n    at async Object.getBasket (C:\\Distrib\\TZ\\WarehouseService\\node_modules\\openfsm-basket-helper\\BasketHelper.js:94:20)\n    at async exports.getBasket (C:\\Distrib\\TZ\\WarehouseService\\controllers\\basketController.js:98:23)","timestamp":"2025-01-19T18:19:20.366Z"}
{"level":"error","message":"Cannot read property 'length' of undefined","service":"pickapp-service","stack":"TypeError: Cannot read property 'length' of undefined\n    at getBasketId (C:\\Distrib\\TZ\\WarehouseService\\node_modules\\openfsm-basket-helper\\BasketHelper.js:120:31)\n    at processTicksAndRejections (internal/process/task_queues.js:93:5)\n    at async Object.getBasket (C:\\Distrib\\TZ\\WarehouseService\\node_modules\\openfsm-basket-helper\\BasketHelper.js:94:20)\n    at async exports.getBasket (C:\\Distrib\\TZ\\WarehouseService\\controllers\\basketController.js:98:23)","timestamp":"2025-01-19T18:20:10.487Z"}
{"level":"error","message":"Cannot read property 'length' of undefined","service":"pickapp-service","stack":"TypeError: Cannot read property 'length' of undefined\n    at getBasketId (C:\\Distrib\\TZ\\WarehouseService\\node_modules\\openfsm-basket-helper\\BasketHelper.js:120:31)\n    at processTicksAndRejections (internal/process/task_queues.js:93:5)\n    at async Object.getBasket (C:\\Distrib\\TZ\\WarehouseService\\node_modules\\openfsm-basket-helper\\BasketHelper.js:94:20)\n    at async exports.getBasket (C:\\Distrib\\TZ\\WarehouseService\\controllers\\basketController.js:98:23)","timestamp":"2025-01-19T18:21:31.322Z"}
{"level":"error","message":"Cannot read property 'length' of undefined","service":"pickapp-service","stack":"TypeError: Cannot read property 'length' of undefined\n    at getBasketId (C:\\Distrib\\TZ\\WarehouseService\\node_modules\\openfsm-basket-helper\\BasketHelper.js:120:31)\n    at processTicksAndRejections (internal/process/task_queues.js:93:5)\n    at async Object.getBasket (C:\\Distrib\\TZ\\WarehouseService\\node_modules\\openfsm-basket-helper\\BasketHelper.js:94:20)\n    at async exports.getBasket (C:\\Distrib\\TZ\\WarehouseService\\controllers\\basketController.js:98:23)","timestamp":"2025-01-19T18:22:13.686Z"}
{"level":"error","message":"Cannot read property 'length' of undefined","service":"pickapp-service","stack":"TypeError: Cannot read property 'length' of undefined\n    at getBasketId (C:\\Distrib\\TZ\\WarehouseService\\node_modules\\openfsm-basket-helper\\BasketHelper.js:129:31)\n    at processTicksAndRejections (internal/process/task_queues.js:93:5)\n    at async Object.getBasket (C:\\Distrib\\TZ\\WarehouseService\\node_modules\\openfsm-basket-helper\\BasketHelper.js:94:20)\n    at async exports.getBasket (C:\\Distrib\\TZ\\WarehouseService\\controllers\\basketController.js:98:23)","timestamp":"2025-01-19T18:43:02.996Z"}
{"level":"error","message":"Cannot read property 'length' of undefined","service":"pickapp-service","stack":"TypeError: Cannot read property 'length' of undefined\n    at getBasketId (C:\\Distrib\\TZ\\WarehouseService\\node_modules\\openfsm-basket-helper\\BasketHelper.js:129:31)\n    at processTicksAndRejections (internal/process/task_queues.js:93:5)\n    at async Object.getBasket (C:\\Distrib\\TZ\\WarehouseService\\node_modules\\openfsm-basket-helper\\BasketHelper.js:94:20)\n    at async exports.getBasket (C:\\Distrib\\TZ\\WarehouseService\\controllers\\basketController.js:98:23)","timestamp":"2025-01-19T18:43:06.001Z"}
{"level":"error","message":"Cannot read property 'length' of undefined","service":"pickapp-service","stack":"TypeError: Cannot read property 'length' of undefined\n    at getBasketId (C:\\Distrib\\TZ\\WarehouseService\\node_modules\\openfsm-basket-helper\\BasketHelper.js:129:31)\n    at processTicksAndRejections (internal/process/task_queues.js:93:5)\n    at async Object.getBasket (C:\\Distrib\\TZ\\WarehouseService\\node_modules\\openfsm-basket-helper\\BasketHelper.js:94:20)\n    at async exports.getBasket (C:\\Distrib\\TZ\\WarehouseService\\controllers\\basketController.js:98:23)","timestamp":"2025-01-19T18:43:43.254Z"}
{"level":"error","message":"Promise is not a function or its return value is not iterable","service":"pickapp-service","stack":"TypeError: Promise is not a function or its return value is not iterable\n    at Object.getBasket (C:\\Distrib\\TZ\\WarehouseService\\node_modules\\openfsm-basket-helper\\BasketHelper.js:97:19)\n    at processTicksAndRejections (internal/process/task_queues.js:93:5)\n    at async exports.getBasket (C:\\Distrib\\TZ\\WarehouseService\\controllers\\basketController.js:98:23)","timestamp":"2025-01-19T18:46:13.101Z"}
{"code":"23505","constraint":"warehouse_basket_user_id_key","detail":"Key (user_id)=(10000000) already exists.","file":"nbtinsert.c","length":253,"level":"error","line":"664","message":"duplicate key value violates unique constraint \"warehouse_basket_user_id_key\"","name":"error","routine":"_bt_check_unique","schema":"pa_warehouse_service","service":"pickapp-service","severity":"ERROR","stack":"error: duplicate key value violates unique constraint \"warehouse_basket_user_id_key\"\n    at Parser.parseErrorMessage (C:\\Distrib\\TZ\\WarehouseService\\node_modules\\pg-protocol\\dist\\parser.js:283:98)\n    at Parser.handlePacket (C:\\Distrib\\TZ\\WarehouseService\\node_modules\\pg-protocol\\dist\\parser.js:122:29)\n    at Parser.parse (C:\\Distrib\\TZ\\WarehouseService\\node_modules\\pg-protocol\\dist\\parser.js:35:38)\n    at Socket.<anonymous> (C:\\Distrib\\TZ\\WarehouseService\\node_modules\\pg-protocol\\dist\\index.js:11:42)\n    at Socket.emit (events.js:315:20)\n    at addChunk (internal/streams/readable.js:309:12)\n    at readableAddChunk (internal/streams/readable.js:284:9)\n    at Socket.Readable.push (internal/streams/readable.js:223:10)\n    at TCP.onStreamRead (internal/stream_base_commons.js:188:23)\n    at TCP.callbackTrampoline (internal/async_hooks.js:131:14)","table":"warehouse_basket","timestamp":"2025-01-19T18:48:04.562Z"}
{"code":"23505","constraint":"warehouse_basket_user_id_key","detail":"Key (user_id)=(10000000) already exists.","file":"nbtinsert.c","length":253,"level":"error","line":"664","message":"duplicate key value violates unique constraint \"warehouse_basket_user_id_key\"","name":"error","routine":"_bt_check_unique","schema":"pa_warehouse_service","service":"pickapp-service","severity":"ERROR","stack":"error: duplicate key value violates unique constraint \"warehouse_basket_user_id_key\"\n    at Parser.parseErrorMessage (C:\\Distrib\\TZ\\WarehouseService\\node_modules\\pg-protocol\\dist\\parser.js:283:98)\n    at Parser.handlePacket (C:\\Distrib\\TZ\\WarehouseService\\node_modules\\pg-protocol\\dist\\parser.js:122:29)\n    at Parser.parse (C:\\Distrib\\TZ\\WarehouseService\\node_modules\\pg-protocol\\dist\\parser.js:35:38)\n    at Socket.<anonymous> (C:\\Distrib\\TZ\\WarehouseService\\node_modules\\pg-protocol\\dist\\index.js:11:42)\n    at Socket.emit (events.js:315:20)\n    at addChunk (internal/streams/readable.js:309:12)\n    at readableAddChunk (internal/streams/readable.js:284:9)\n    at Socket.Readable.push (internal/streams/readable.js:223:10)\n    at TCP.onStreamRead (internal/stream_base_commons.js:188:23)\n    at TCP.callbackTrampoline (internal/async_hooks.js:131:14)","table":"warehouse_basket","timestamp":"2025-01-19T18:48:04.562Z"}
{"code":"23505","constraint":"warehouse_basket_user_id_key","detail":"Key (user_id)=(10000000) already exists.","file":"nbtinsert.c","length":253,"level":"error","line":"664","message":"duplicate key value violates unique constraint \"warehouse_basket_user_id_key\"","name":"error","routine":"_bt_check_unique","schema":"pa_warehouse_service","service":"pickapp-service","severity":"ERROR","stack":"error: duplicate key value violates unique constraint \"warehouse_basket_user_id_key\"\n    at Parser.parseErrorMessage (C:\\Distrib\\TZ\\WarehouseService\\node_modules\\pg-protocol\\dist\\parser.js:283:98)\n    at Parser.handlePacket (C:\\Distrib\\TZ\\WarehouseService\\node_modules\\pg-protocol\\dist\\parser.js:122:29)\n    at Parser.parse (C:\\Distrib\\TZ\\WarehouseService\\node_modules\\pg-protocol\\dist\\parser.js:35:38)\n    at Socket.<anonymous> (C:\\Distrib\\TZ\\WarehouseService\\node_modules\\pg-protocol\\dist\\index.js:11:42)\n    at Socket.emit (events.js:315:20)\n    at addChunk (internal/streams/readable.js:309:12)\n    at readableAddChunk (internal/streams/readable.js:284:9)\n    at Socket.Readable.push (internal/streams/readable.js:223:10)\n    at TCP.onStreamRead (internal/stream_base_commons.js:188:23)\n    at TCP.callbackTrampoline (internal/async_hooks.js:131:14)","table":"warehouse_basket","timestamp":"2025-01-19T18:48:49.447Z"}
{"code":"23505","constraint":"warehouse_basket_user_id_key","detail":"Key (user_id)=(10000000) already exists.","file":"nbtinsert.c","length":253,"level":"error","line":"664","message":"duplicate key value violates unique constraint \"warehouse_basket_user_id_key\"","name":"error","routine":"_bt_check_unique","schema":"pa_warehouse_service","service":"pickapp-service","severity":"ERROR","stack":"error: duplicate key value violates unique constraint \"warehouse_basket_user_id_key\"\n    at Parser.parseErrorMessage (C:\\Distrib\\TZ\\WarehouseService\\node_modules\\pg-protocol\\dist\\parser.js:283:98)\n    at Parser.handlePacket (C:\\Distrib\\TZ\\WarehouseService\\node_modules\\pg-protocol\\dist\\parser.js:122:29)\n    at Parser.parse (C:\\Distrib\\TZ\\WarehouseService\\node_modules\\pg-protocol\\dist\\parser.js:35:38)\n    at Socket.<anonymous> (C:\\Distrib\\TZ\\WarehouseService\\node_modules\\pg-protocol\\dist\\index.js:11:42)\n    at Socket.emit (events.js:315:20)\n    at addChunk (internal/streams/readable.js:309:12)\n    at readableAddChunk (internal/streams/readable.js:284:9)\n    at Socket.Readable.push (internal/streams/readable.js:223:10)\n    at TCP.onStreamRead (internal/stream_base_commons.js:188:23)\n    at TCP.callbackTrampoline (internal/async_hooks.js:131:14)","table":"warehouse_basket","timestamp":"2025-01-19T18:48:49.447Z"}
{"code":"23505","constraint":"warehouse_basket_user_id_key","detail":"Key (user_id)=(10000000) already exists.","file":"nbtinsert.c","length":253,"level":"error","line":"664","message":"duplicate key value violates unique constraint \"warehouse_basket_user_id_key\"","name":"error","routine":"_bt_check_unique","schema":"pa_warehouse_service","service":"pickapp-service","severity":"ERROR","stack":"error: duplicate key value violates unique constraint \"warehouse_basket_user_id_key\"\n    at Parser.parseErrorMessage (C:\\Distrib\\TZ\\WarehouseService\\node_modules\\pg-protocol\\dist\\parser.js:283:98)\n    at Parser.handlePacket (C:\\Distrib\\TZ\\WarehouseService\\node_modules\\pg-protocol\\dist\\parser.js:122:29)\n    at Parser.parse (C:\\Distrib\\TZ\\WarehouseService\\node_modules\\pg-protocol\\dist\\parser.js:35:38)\n    at Socket.<anonymous> (C:\\Distrib\\TZ\\WarehouseService\\node_modules\\pg-protocol\\dist\\index.js:11:42)\n    at Socket.emit (events.js:315:20)\n    at addChunk (internal/streams/readable.js:309:12)\n    at readableAddChunk (internal/streams/readable.js:284:9)\n    at Socket.Readable.push (internal/streams/readable.js:223:10)\n    at TCP.onStreamRead (internal/stream_base_commons.js:188:23)\n    at TCP.callbackTrampoline (internal/async_hooks.js:131:14)","table":"warehouse_basket","timestamp":"2025-01-19T18:49:12.107Z"}
{"code":"23505","constraint":"warehouse_basket_user_id_key","detail":"Key (user_id)=(10000000) already exists.","file":"nbtinsert.c","length":253,"level":"error","line":"664","message":"duplicate key value violates unique constraint \"warehouse_basket_user_id_key\"","name":"error","routine":"_bt_check_unique","schema":"pa_warehouse_service","service":"pickapp-service","severity":"ERROR","stack":"error: duplicate key value violates unique constraint \"warehouse_basket_user_id_key\"\n    at Parser.parseErrorMessage (C:\\Distrib\\TZ\\WarehouseService\\node_modules\\pg-protocol\\dist\\parser.js:283:98)\n    at Parser.handlePacket (C:\\Distrib\\TZ\\WarehouseService\\node_modules\\pg-protocol\\dist\\parser.js:122:29)\n    at Parser.parse (C:\\Distrib\\TZ\\WarehouseService\\node_modules\\pg-protocol\\dist\\parser.js:35:38)\n    at Socket.<anonymous> (C:\\Distrib\\TZ\\WarehouseService\\node_modules\\pg-protocol\\dist\\index.js:11:42)\n    at Socket.emit (events.js:315:20)\n    at addChunk (internal/streams/readable.js:309:12)\n    at readableAddChunk (internal/streams/readable.js:284:9)\n    at Socket.Readable.push (internal/streams/readable.js:223:10)\n    at TCP.onStreamRead (internal/stream_base_commons.js:188:23)\n    at TCP.callbackTrampoline (internal/async_hooks.js:131:14)","table":"warehouse_basket","timestamp":"2025-01-19T18:49:12.107Z"}
{"code":"23505","constraint":"warehouse_basket_user_id_key","detail":"Key (user_id)=(10000000) already exists.","file":"nbtinsert.c","length":253,"level":"error","line":"664","message":"duplicate key value violates unique constraint \"warehouse_basket_user_id_key\"","name":"error","routine":"_bt_check_unique","schema":"pa_warehouse_service","service":"pickapp-service","severity":"ERROR","stack":"error: duplicate key value violates unique constraint \"warehouse_basket_user_id_key\"\n    at Parser.parseErrorMessage (C:\\Distrib\\TZ\\WarehouseService\\node_modules\\pg-protocol\\dist\\parser.js:283:98)\n    at Parser.handlePacket (C:\\Distrib\\TZ\\WarehouseService\\node_modules\\pg-protocol\\dist\\parser.js:122:29)\n    at Parser.parse (C:\\Distrib\\TZ\\WarehouseService\\node_modules\\pg-protocol\\dist\\parser.js:35:38)\n    at Socket.<anonymous> (C:\\Distrib\\TZ\\WarehouseService\\node_modules\\pg-protocol\\dist\\index.js:11:42)\n    at Socket.emit (events.js:315:20)\n    at addChunk (internal/streams/readable.js:309:12)\n    at readableAddChunk (internal/streams/readable.js:284:9)\n    at Socket.Readable.push (internal/streams/readable.js:223:10)\n    at TCP.onStreamRead (internal/stream_base_commons.js:188:23)\n    at TCP.callbackTrampoline (internal/async_hooks.js:131:14)","table":"warehouse_basket","timestamp":"2025-01-20T17:17:41.534Z"}
{"code":"23505","constraint":"warehouse_basket_user_id_key","detail":"Key (user_id)=(10000000) already exists.","file":"nbtinsert.c","length":253,"level":"error","line":"664","message":"duplicate key value violates unique constraint \"warehouse_basket_user_id_key\"","name":"error","routine":"_bt_check_unique","schema":"pa_warehouse_service","service":"pickapp-service","severity":"ERROR","stack":"error: duplicate key value violates unique constraint \"warehouse_basket_user_id_key\"\n    at Parser.parseErrorMessage (C:\\Distrib\\TZ\\WarehouseService\\node_modules\\pg-protocol\\dist\\parser.js:283:98)\n    at Parser.handlePacket (C:\\Distrib\\TZ\\WarehouseService\\node_modules\\pg-protocol\\dist\\parser.js:122:29)\n    at Parser.parse (C:\\Distrib\\TZ\\WarehouseService\\node_modules\\pg-protocol\\dist\\parser.js:35:38)\n    at Socket.<anonymous> (C:\\Distrib\\TZ\\WarehouseService\\node_modules\\pg-protocol\\dist\\index.js:11:42)\n    at Socket.emit (events.js:315:20)\n    at addChunk (internal/streams/readable.js:309:12)\n    at readableAddChunk (internal/streams/readable.js:284:9)\n    at Socket.Readable.push (internal/streams/readable.js:223:10)\n    at TCP.onStreamRead (internal/stream_base_commons.js:188:23)\n    at TCP.callbackTrampoline (internal/async_hooks.js:131:14)","table":"warehouse_basket","timestamp":"2025-01-20T17:17:41.534Z"}
{"code":"23505","constraint":"warehouse_basket_user_id_key","detail":"Key (user_id)=(10000000) already exists.","file":"nbtinsert.c","length":253,"level":"error","line":"664","message":"duplicate key value violates unique constraint \"warehouse_basket_user_id_key\"","name":"error","routine":"_bt_check_unique","schema":"pa_warehouse_service","service":"pickapp-service","severity":"ERROR","stack":"error: duplicate key value violates unique constraint \"warehouse_basket_user_id_key\"\n    at Parser.parseErrorMessage (C:\\Distrib\\TZ\\WarehouseService\\node_modules\\pg-protocol\\dist\\parser.js:283:98)\n    at Parser.handlePacket (C:\\Distrib\\TZ\\WarehouseService\\node_modules\\pg-protocol\\dist\\parser.js:122:29)\n    at Parser.parse (C:\\Distrib\\TZ\\WarehouseService\\node_modules\\pg-protocol\\dist\\parser.js:35:38)\n    at Socket.<anonymous> (C:\\Distrib\\TZ\\WarehouseService\\node_modules\\pg-protocol\\dist\\index.js:11:42)\n    at Socket.emit (events.js:315:20)\n    at addChunk (internal/streams/readable.js:309:12)\n    at readableAddChunk (internal/streams/readable.js:284:9)\n    at Socket.Readable.push (internal/streams/readable.js:223:10)\n    at TCP.onStreamRead (internal/stream_base_commons.js:188:23)\n    at TCP.callbackTrampoline (internal/async_hooks.js:131:14)","table":"warehouse_basket","timestamp":"2025-01-20T17:24:10.092Z"}
{"code":"23505","constraint":"warehouse_basket_user_id_key","detail":"Key (user_id)=(10000000) already exists.","file":"nbtinsert.c","length":253,"level":"error","line":"664","message":"duplicate key value violates unique constraint \"warehouse_basket_user_id_key\"","name":"error","routine":"_bt_check_unique","schema":"pa_warehouse_service","service":"pickapp-service","severity":"ERROR","stack":"error: duplicate key value violates unique constraint \"warehouse_basket_user_id_key\"\n    at Parser.parseErrorMessage (C:\\Distrib\\TZ\\WarehouseService\\node_modules\\pg-protocol\\dist\\parser.js:283:98)\n    at Parser.handlePacket (C:\\Distrib\\TZ\\WarehouseService\\node_modules\\pg-protocol\\dist\\parser.js:122:29)\n    at Parser.parse (C:\\Distrib\\TZ\\WarehouseService\\node_modules\\pg-protocol\\dist\\parser.js:35:38)\n    at Socket.<anonymous> (C:\\Distrib\\TZ\\WarehouseService\\node_modules\\pg-protocol\\dist\\index.js:11:42)\n    at Socket.emit (events.js:315:20)\n    at addChunk (internal/streams/readable.js:309:12)\n    at readableAddChunk (internal/streams/readable.js:284:9)\n    at Socket.Readable.push (internal/streams/readable.js:223:10)\n    at TCP.onStreamRead (internal/stream_base_commons.js:188:23)\n    at TCP.callbackTrampoline (internal/async_hooks.js:131:14)","table":"warehouse_basket","timestamp":"2025-01-20T17:24:10.092Z"}
{"code":"23505","constraint":"warehouse_basket_user_id_key","detail":"Key (user_id)=(10000000) already exists.","file":"nbtinsert.c","length":253,"level":"error","line":"664","message":"duplicate key value violates unique constraint \"warehouse_basket_user_id_key\"","name":"error","routine":"_bt_check_unique","schema":"pa_warehouse_service","service":"pickapp-service","severity":"ERROR","stack":"error: duplicate key value violates unique constraint \"warehouse_basket_user_id_key\"\n    at Parser.parseErrorMessage (C:\\Distrib\\TZ\\WarehouseService\\node_modules\\pg-protocol\\dist\\parser.js:283:98)\n    at Parser.handlePacket (C:\\Distrib\\TZ\\WarehouseService\\node_modules\\pg-protocol\\dist\\parser.js:122:29)\n    at Parser.parse (C:\\Distrib\\TZ\\WarehouseService\\node_modules\\pg-protocol\\dist\\parser.js:35:38)\n    at Socket.<anonymous> (C:\\Distrib\\TZ\\WarehouseService\\node_modules\\pg-protocol\\dist\\index.js:11:42)\n    at Socket.emit (events.js:315:20)\n    at addChunk (internal/streams/readable.js:309:12)\n    at readableAddChunk (internal/streams/readable.js:284:9)\n    at Socket.Readable.push (internal/streams/readable.js:223:10)\n    at TCP.onStreamRead (internal/stream_base_commons.js:188:23)\n    at TCP.callbackTrampoline (internal/async_hooks.js:131:14)","table":"warehouse_basket","timestamp":"2025-01-20T17:25:49.255Z"}
{"code":"23505","constraint":"warehouse_basket_user_id_key","detail":"Key (user_id)=(10000000) already exists.","file":"nbtinsert.c","length":253,"level":"error","line":"664","message":"duplicate key value violates unique constraint \"warehouse_basket_user_id_key\"","name":"error","routine":"_bt_check_unique","schema":"pa_warehouse_service","service":"pickapp-service","severity":"ERROR","stack":"error: duplicate key value violates unique constraint \"warehouse_basket_user_id_key\"\n    at Parser.parseErrorMessage (C:\\Distrib\\TZ\\WarehouseService\\node_modules\\pg-protocol\\dist\\parser.js:283:98)\n    at Parser.handlePacket (C:\\Distrib\\TZ\\WarehouseService\\node_modules\\pg-protocol\\dist\\parser.js:122:29)\n    at Parser.parse (C:\\Distrib\\TZ\\WarehouseService\\node_modules\\pg-protocol\\dist\\parser.js:35:38)\n    at Socket.<anonymous> (C:\\Distrib\\TZ\\WarehouseService\\node_modules\\pg-protocol\\dist\\index.js:11:42)\n    at Socket.emit (events.js:315:20)\n    at addChunk (internal/streams/readable.js:309:12)\n    at readableAddChunk (internal/streams/readable.js:284:9)\n    at Socket.Readable.push (internal/streams/readable.js:223:10)\n    at TCP.onStreamRead (internal/stream_base_commons.js:188:23)\n    at TCP.callbackTrampoline (internal/async_hooks.js:131:14)","table":"warehouse_basket","timestamp":"2025-01-20T17:25:49.255Z"}
{"level":"error","message":"Promise is not a function or its return value is not iterable","service":"pickapp-service","stack":"TypeError: Promise is not a function or its return value is not iterable\n    at Object.getBasket (C:\\Distrib\\TZ\\WarehouseService\\node_modules\\openfsm-basket-helper\\BasketHelper.js:97:19)\n    at processTicksAndRejections (internal/process/task_queues.js:93:5)\n    at async exports.getBasket (C:\\Distrib\\TZ\\WarehouseService\\controllers\\basketController.js:98:23)","timestamp":"2025-01-20T17:31:41.481Z"}
{"level":"error","message":"Promise is not a function or its return value is not iterable","service":"pickapp-service","stack":"TypeError: Promise is not a function or its return value is not iterable\n    at Object.getBasket (C:\\Distrib\\TZ\\WarehouseService\\node_modules\\openfsm-basket-helper\\BasketHelper.js:97:19)\n    at processTicksAndRejections (internal/process/task_queues.js:93:5)\n    at async exports.getBasket (C:\\Distrib\\TZ\\WarehouseService\\controllers\\basketController.js:98:23)","timestamp":"2025-01-20T17:34:27.921Z"}
{"level":"error","message":"Promise is not a function or its return value is not iterable","service":"pickapp-service","stack":"TypeError: Promise is not a function or its return value is not iterable\n    at Object.getBasket (C:\\Distrib\\TZ\\WarehouseService\\node_modules\\openfsm-basket-helper\\BasketHelper.js:97:19)\n    at processTicksAndRejections (internal/process/task_queues.js:93:5)\n    at async exports.getBasket (C:\\Distrib\\TZ\\WarehouseService\\controllers\\basketController.js:98:23)","timestamp":"2025-01-20T17:39:44.894Z"}
{"level":"error","message":"Promise is not a function or its return value is not iterable","service":"pickapp-service","stack":"TypeError: Promise is not a function or its return value is not iterable\n    at Object.getBasket (C:\\Distrib\\TZ\\WarehouseService\\node_modules\\openfsm-basket-helper\\BasketHelper.js:97:19)\n    at processTicksAndRejections (internal/process/task_queues.js:93:5)\n    at async exports.getBasket (C:\\Distrib\\TZ\\WarehouseService\\controllers\\basketController.js:98:23)","timestamp":"2025-01-20T17:40:50.457Z"}
{"level":"error","message":"Promise is not a function or its return value is not iterable","service":"pickapp-service","stack":"TypeError: Promise is not a function or its return value is not iterable\n    at Object.getBasket (C:\\Distrib\\TZ\\WarehouseService\\node_modules\\openfsm-basket-helper\\BasketHelper.js:97:19)\n    at processTicksAndRejections (internal/process/task_queues.js:93:5)\n    at async exports.getBasket (C:\\Distrib\\TZ\\WarehouseService\\controllers\\basketController.js:98:23)","timestamp":"2025-01-20T17:42:02.879Z"}
{"level":"error","message":"Cannot read property 'map' of undefined","service":"pickapp-service","stack":"TypeError: Cannot read property 'map' of undefined\n    at Object.getBasket (C:\\Distrib\\TZ\\WarehouseService\\node_modules\\openfsm-basket-helper\\BasketHelper.js:105:32)\n    at processTicksAndRejections (internal/process/task_queues.js:93:5)\n    at async exports.getBasket (C:\\Distrib\\TZ\\WarehouseService\\controllers\\basketController.js:98:23)","timestamp":"2025-01-20T17:42:46.465Z"}
{"code":"42601","file":"scan.l","length":95,"level":"error","line":"1188","message":"syntax error at or near \"SELECT1\"","name":"error","position":"1","routine":"scanner_yyerror","service":"pickapp-service","severity":"ERROR","stack":"error: syntax error at or near \"SELECT1\"\n    at Parser.parseErrorMessage (C:\\Distrib\\TZ\\WarehouseService\\node_modules\\pg-protocol\\dist\\parser.js:283:98)\n    at Parser.handlePacket (C:\\Distrib\\TZ\\WarehouseService\\node_modules\\pg-protocol\\dist\\parser.js:122:29)\n    at Parser.parse (C:\\Distrib\\TZ\\WarehouseService\\node_modules\\pg-protocol\\dist\\parser.js:35:38)\n    at Socket.<anonymous> (C:\\Distrib\\TZ\\WarehouseService\\node_modules\\pg-protocol\\dist\\index.js:11:42)\n    at Socket.emit (events.js:315:20)\n    at addChunk (internal/streams/readable.js:309:12)\n    at readableAddChunk (internal/streams/readable.js:284:9)\n    at Socket.Readable.push (internal/streams/readable.js:223:10)\n    at TCP.onStreamRead (internal/stream_base_commons.js:188:23)\n    at TCP.callbackTrampoline (internal/async_hooks.js:131:14)","timestamp":"2025-01-20T18:17:40.545Z"}
{"level":"error","message":false,"service":"pickapp-service","timestamp":"2025-01-20T18:17:40.551Z"}
{"code":"42601","file":"scan.l","length":95,"level":"error","line":"1188","message":"syntax error at or near \"SELECT1\"","name":"error","position":"1","routine":"scanner_yyerror","service":"pickapp-service","severity":"ERROR","stack":"error: syntax error at or near \"SELECT1\"\n    at Parser.parseErrorMessage (C:\\Distrib\\TZ\\WarehouseService\\node_modules\\pg-protocol\\dist\\parser.js:283:98)\n    at Parser.handlePacket (C:\\Distrib\\TZ\\WarehouseService\\node_modules\\pg-protocol\\dist\\parser.js:122:29)\n    at Parser.parse (C:\\Distrib\\TZ\\WarehouseService\\node_modules\\pg-protocol\\dist\\parser.js:35:38)\n    at Socket.<anonymous> (C:\\Distrib\\TZ\\WarehouseService\\node_modules\\pg-protocol\\dist\\index.js:11:42)\n    at Socket.emit (events.js:315:20)\n    at addChunk (internal/streams/readable.js:309:12)\n    at readableAddChunk (internal/streams/readable.js:284:9)\n    at Socket.Readable.push (internal/streams/readable.js:223:10)\n    at TCP.onStreamRead (internal/stream_base_commons.js:188:23)\n    at TCP.callbackTrampoline (internal/async_hooks.js:131:14)","timestamp":"2025-01-20T18:18:53.947Z"}
{"level":"error","message":false,"service":"pickapp-service","timestamp":"2025-01-20T18:18:53.955Z"}
{"code":"42601","file":"scan.l","length":95,"level":"error","line":"1188","message":"syntax error at or near \"SELECT1\"","name":"error","position":"1","routine":"scanner_yyerror","service":"pickapp-service","severity":"ERROR","stack":"error: syntax error at or near \"SELECT1\"\n    at Parser.parseErrorMessage (C:\\Distrib\\TZ\\WarehouseService\\node_modules\\pg-protocol\\dist\\parser.js:283:98)\n    at Parser.handlePacket (C:\\Distrib\\TZ\\WarehouseService\\node_modules\\pg-protocol\\dist\\parser.js:122:29)\n    at Parser.parse (C:\\Distrib\\TZ\\WarehouseService\\node_modules\\pg-protocol\\dist\\parser.js:35:38)\n    at Socket.<anonymous> (C:\\Distrib\\TZ\\WarehouseService\\node_modules\\pg-protocol\\dist\\index.js:11:42)\n    at Socket.emit (events.js:315:20)\n    at addChunk (internal/streams/readable.js:309:12)\n    at readableAddChunk (internal/streams/readable.js:284:9)\n    at Socket.Readable.push (internal/streams/readable.js:223:10)\n    at TCP.onStreamRead (internal/stream_base_commons.js:188:23)\n    at TCP.callbackTrampoline (internal/async_hooks.js:131:14)","timestamp":"2025-01-20T18:19:27.333Z"}
{"code":"42601","file":"scan.l","length":95,"level":"error","line":"1188","message":"syntax error at or near \"SELECT1\"","name":"error","position":"1","routine":"scanner_yyerror","service":"pickapp-service","severity":"ERROR","stack":"error: syntax error at or near \"SELECT1\"\n    at Parser.parseErrorMessage (C:\\Distrib\\TZ\\WarehouseService\\node_modules\\pg-protocol\\dist\\parser.js:283:98)\n    at Parser.handlePacket (C:\\Distrib\\TZ\\WarehouseService\\node_modules\\pg-protocol\\dist\\parser.js:122:29)\n    at Parser.parse (C:\\Distrib\\TZ\\WarehouseService\\node_modules\\pg-protocol\\dist\\parser.js:35:38)\n    at Socket.<anonymous> (C:\\Distrib\\TZ\\WarehouseService\\node_modules\\pg-protocol\\dist\\index.js:11:42)\n    at Socket.emit (events.js:315:20)\n    at addChunk (internal/streams/readable.js:309:12)\n    at readableAddChunk (internal/streams/readable.js:284:9)\n    at Socket.Readable.push (internal/streams/readable.js:223:10)\n    at TCP.onStreamRead (internal/stream_base_commons.js:188:23)\n    at TCP.callbackTrampoline (internal/async_hooks.js:131:14)","timestamp":"2025-01-20T18:42:49.070Z"}
{"code":"42601","file":"scan.l","length":95,"level":"error","line":"1188","message":"syntax error at or near \"SELECT1\"","name":"error","position":"1","routine":"scanner_yyerror","service":"pickapp-service","severity":"ERROR","stack":"error: syntax error at or near \"SELECT1\"\n    at Parser.parseErrorMessage (C:\\Distrib\\TZ\\WarehouseService\\node_modules\\pg-protocol\\dist\\parser.js:283:98)\n    at Parser.handlePacket (C:\\Distrib\\TZ\\WarehouseService\\node_modules\\pg-protocol\\dist\\parser.js:122:29)\n    at Parser.parse (C:\\Distrib\\TZ\\WarehouseService\\node_modules\\pg-protocol\\dist\\parser.js:35:38)\n    at Socket.<anonymous> (C:\\Distrib\\TZ\\WarehouseService\\node_modules\\pg-protocol\\dist\\index.js:11:42)\n    at Socket.emit (events.js:315:20)\n    at addChunk (internal/streams/readable.js:309:12)\n    at readableAddChunk (internal/streams/readable.js:284:9)\n    at Socket.Readable.push (internal/streams/readable.js:223:10)\n    at TCP.onStreamRead (internal/stream_base_commons.js:188:23)\n    at TCP.callbackTrampoline (internal/async_hooks.js:131:14)","timestamp":"2025-01-20T18:42:49.070Z"}
{"level":"error","message":"item is not defined","service":"pickapp-service","stack":"ReferenceError: item is not defined\n    at Object.addItemToBasket (C:\\Distrib\\TZ\\WarehouseService\\node_modules\\openfsm-basket-helper\\BasketHelper.js:61:3)\n    at processTicksAndRejections (internal/process/task_queues.js:93:5)\n    at async exports.addItemToBasket (C:\\Distrib\\TZ\\WarehouseService\\controllers\\basketController.js:69:30)","timestamp":"2025-01-20T19:04:12.786Z"}
{"level":"error","message":"err is not defined","service":"pickapp-service","stack":"ReferenceError: err is not defined\n    at Object.addItemToBasket (C:\\Distrib\\TZ\\WarehouseService\\node_modules\\openfsm-basket-helper\\BasketHelper.js:59:20)\n    at processTicksAndRejections (internal/process/task_queues.js:93:5)\n    at async exports.addItemToBasket (C:\\Distrib\\TZ\\WarehouseService\\controllers\\basketController.js:69:30)","timestamp":"2025-01-20T19:06:50.056Z"}
{"level":"error","message":"Cannot read property '0' of undefined","service":"pickapp-service","stack":"TypeError: Cannot read property '0' of undefined\n    at Object.addItemToBasket (C:\\Distrib\\TZ\\WarehouseService\\node_modules\\openfsm-basket-helper\\BasketHelper.js:57:22)\n    at processTicksAndRejections (internal/process/task_queues.js:93:5)\n    at async exports.addItemToBasket (C:\\Distrib\\TZ\\WarehouseService\\controllers\\basketController.js:69:30)","timestamp":"2025-01-20T19:07:50.800Z"}
{"level":"error","message":"Cannot read property '0' of undefined","service":"pickapp-service","stack":"TypeError: Cannot read property '0' of undefined\n    at Object.removeItemFromBasket (C:\\Distrib\\TZ\\WarehouseService\\node_modules\\openfsm-basket-helper\\BasketHelper.js:123:22)\n    at processTicksAndRejections (internal/process/task_queues.js:93:5)\n    at async exports.removeItemFromBasket (C:\\Distrib\\TZ\\WarehouseService\\controllers\\basketController.js:48:28)","timestamp":"2025-01-20T19:13:00.990Z"}
{"level":"error","message":"Cannot read property '0' of undefined","service":"pickapp-service","stack":"TypeError: Cannot read property '0' of undefined\n    at Object.removeItemFromBasket (C:\\Distrib\\TZ\\WarehouseService\\node_modules\\openfsm-basket-helper\\BasketHelper.js:123:22)\n    at processTicksAndRejections (internal/process/task_queues.js:93:5)\n    at async exports.removeItemFromBasket (C:\\Distrib\\TZ\\WarehouseService\\controllers\\basketController.js:48:28)","timestamp":"2025-01-20T19:13:03.566Z"}
{"level":"error","message":"Cannot read property '0' of undefined","service":"pickapp-service","stack":"TypeError: Cannot read property '0' of undefined\n    at Object.addItemToBasket (C:\\Distrib\\TZ\\WarehouseService\\node_modules\\openfsm-basket-helper\\BasketHelper.js:57:22)\n    at processTicksAndRejections (internal/process/task_queues.js:93:5)\n    at async exports.addItemToBasket (C:\\Distrib\\TZ\\WarehouseService\\controllers\\basketController.js:69:30)","timestamp":"2025-01-20T19:13:17.747Z"}
{"level":"error","message":"Cannot read property '0' of undefined","service":"pickapp-service","stack":"TypeError: Cannot read property '0' of undefined\n    at Object.addItemToBasket (C:\\Distrib\\TZ\\WarehouseService\\node_modules\\openfsm-basket-helper\\BasketHelper.js:57:22)\n    at processTicksAndRejections (internal/process/task_queues.js:93:5)\n    at async exports.addItemToBasket (C:\\Distrib\\TZ\\WarehouseService\\controllers\\basketController.js:69:30)","timestamp":"2025-01-20T19:13:22.234Z"}
{"level":"error","message":"Cannot read property '0' of undefined","service":"pickapp-service","stack":"TypeError: Cannot read property '0' of undefined\n    at Object.removeItemFromBasket (C:\\Distrib\\TZ\\WarehouseService\\node_modules\\openfsm-basket-helper\\BasketHelper.js:123:22)\n    at processTicksAndRejections (internal/process/task_queues.js:93:5)\n    at async exports.removeItemFromBasket (C:\\Distrib\\TZ\\WarehouseService\\controllers\\basketController.js:48:28)","timestamp":"2025-01-20T19:15:40.647Z"}
{"level":"error","message":"Cannot read property '0' of undefined","service":"pickapp-service","stack":"TypeError: Cannot read property '0' of undefined\n    at Object.addItemToBasket (C:\\Distrib\\TZ\\WarehouseService\\node_modules\\openfsm-basket-helper\\BasketHelper.js:57:22)\n    at processTicksAndRejections (internal/process/task_queues.js:93:5)\n    at async exports.addItemToBasket (C:\\Distrib\\TZ\\WarehouseService\\controllers\\basketController.js:69:30)","timestamp":"2025-01-20T19:17:54.794Z"}
{"level":"error","message":"Cannot read property '0' of undefined","service":"pickapp-service","stack":"TypeError: Cannot read property '0' of undefined\n    at Object.removeItemFromBasket (C:\\Distrib\\TZ\\WarehouseService\\node_modules\\openfsm-basket-helper\\BasketHelper.js:123:22)\n    at processTicksAndRejections (internal/process/task_queues.js:93:5)\n    at async exports.removeItemFromBasket (C:\\Distrib\\TZ\\WarehouseService\\controllers\\basketController.js:48:28)","timestamp":"2025-01-20T19:18:18.621Z"}
{"level":"error","message":"Cannot read property '0' of undefined","service":"pickapp-service","stack":"TypeError: Cannot read property '0' of undefined\n    at Object.removeItemFromBasket (C:\\Distrib\\TZ\\WarehouseService\\node_modules\\openfsm-basket-helper\\BasketHelper.js:123:22)\n    at processTicksAndRejections (internal/process/task_queues.js:93:5)\n    at async exports.removeItemFromBasket (C:\\Distrib\\TZ\\WarehouseService\\controllers\\basketController.js:48:28)","timestamp":"2025-01-20T19:18:18.930Z"}
{"level":"error","message":"Cannot read property '0' of undefined","service":"pickapp-service","stack":"TypeError: Cannot read property '0' of undefined\n    at Object.removeItemFromBasket (C:\\Distrib\\TZ\\WarehouseService\\node_modules\\openfsm-basket-helper\\BasketHelper.js:123:22)\n    at processTicksAndRejections (internal/process/task_queues.js:93:5)\n    at async exports.removeItemFromBasket (C:\\Distrib\\TZ\\WarehouseService\\controllers\\basketController.js:48:28)","timestamp":"2025-01-20T19:18:19.252Z"}
{"level":"error","message":"Cannot read property '0' of undefined","service":"pickapp-service","stack":"TypeError: Cannot read property '0' of undefined\n    at Object.removeItemFromBasket (C:\\Distrib\\TZ\\WarehouseService\\node_modules\\openfsm-basket-helper\\BasketHelper.js:123:22)\n    at processTicksAndRejections (internal/process/task_queues.js:93:5)\n    at async exports.removeItemFromBasket (C:\\Distrib\\TZ\\WarehouseService\\controllers\\basketController.js:48:28)","timestamp":"2025-01-20T19:18:21.042Z"}
{"level":"error","message":"Cannot read property '0' of undefined","service":"pickapp-service","stack":"TypeError: Cannot read property '0' of undefined\n    at Object.removeItemFromBasket (C:\\Distrib\\TZ\\WarehouseService\\node_modules\\openfsm-basket-helper\\BasketHelper.js:123:22)\n    at processTicksAndRejections (internal/process/task_queues.js:93:5)\n    at async exports.removeItemFromBasket (C:\\Distrib\\TZ\\WarehouseService\\controllers\\basketController.js:48:28)","timestamp":"2025-01-20T19:18:49.133Z"}
{"level":"error","message":"Cannot access 'item' before initialization","service":"pickapp-service","stack":"ReferenceError: Cannot access 'item' before initialization\n    at item (C:\\Distrib\\TZ\\WarehouseService\\node_modules\\openfsm-basket-helper\\BasketHelper.js:46:11)\n    at new Promise (<anonymous>)\n    at Object.addItemToBasket (C:\\Distrib\\TZ\\WarehouseService\\node_modules\\openfsm-basket-helper\\BasketHelper.js:44:22)\n    at processTicksAndRejections (internal/process/task_queues.js:93:5)\n    at async exports.addItemToBasket (C:\\Distrib\\TZ\\WarehouseService\\controllers\\basketController.js:69:30)","timestamp":"2025-01-20T19:23:42.003Z"}
{"level":"error","message":"Cannot access 'item' before initialization","service":"pickapp-service","stack":"ReferenceError: Cannot access 'item' before initialization\n    at item (C:\\Distrib\\TZ\\WarehouseService\\node_modules\\openfsm-basket-helper\\BasketHelper.js:46:11)\n    at new Promise (<anonymous>)\n    at Object.addItemToBasket (C:\\Distrib\\TZ\\WarehouseService\\node_modules\\openfsm-basket-helper\\BasketHelper.js:44:22)\n    at processTicksAndRejections (internal/process/task_queues.js:93:5)\n    at async exports.addItemToBasket (C:\\Distrib\\TZ\\WarehouseService\\controllers\\basketController.js:69:30)","timestamp":"2025-01-20T19:24:02.972Z"}
{"level":"error","message":"Cannot access 'item' before initialization","service":"pickapp-service","stack":"ReferenceError: Cannot access 'item' before initialization\n    at item (C:\\Distrib\\TZ\\WarehouseService\\node_modules\\openfsm-basket-helper\\BasketHelper.js:46:11)\n    at new Promise (<anonymous>)\n    at Object.addItemToBasket (C:\\Distrib\\TZ\\WarehouseService\\node_modules\\openfsm-basket-helper\\BasketHelper.js:44:22)\n    at processTicksAndRejections (internal/process/task_queues.js:93:5)\n    at async exports.addItemToBasket (C:\\Distrib\\TZ\\WarehouseService\\controllers\\basketController.js:69:30)","timestamp":"2025-01-20T19:25:25.108Z"}
{"level":"error","message":"Cannot read property 'quantity' of undefined","service":"pickapp-service","stack":"TypeError: Cannot read property 'quantity' of undefined\n    at Object.addItemToBasket (C:\\Distrib\\TZ\\WarehouseService\\node_modules\\openfsm-basket-helper\\BasketHelper.js:59:25)\n    at processTicksAndRejections (internal/process/task_queues.js:93:5)\n    at async exports.addItemToBasket (C:\\Distrib\\TZ\\WarehouseService\\controllers\\basketController.js:69:30)","timestamp":"2025-01-20T19:38:49.107Z"}
{"level":"error","message":"Cannot read property 'quantity' of undefined","service":"pickapp-service","stack":"TypeError: Cannot read property 'quantity' of undefined\n    at Object.addItemToBasket (C:\\Distrib\\TZ\\WarehouseService\\node_modules\\openfsm-basket-helper\\BasketHelper.js:59:25)\n    at processTicksAndRejections (internal/process/task_queues.js:93:5)\n    at async exports.addItemToBasket (C:\\Distrib\\TZ\\WarehouseService\\controllers\\basketController.js:69:30)","timestamp":"2025-01-20T19:39:25.045Z"}
{"level":"error","message":"Cannot read property 'quantity' of undefined","service":"pickapp-service","stack":"TypeError: Cannot read property 'quantity' of undefined\n    at Object.addItemToBasket (C:\\Distrib\\TZ\\WarehouseService\\node_modules\\openfsm-basket-helper\\BasketHelper.js:59:25)\n    at processTicksAndRejections (internal/process/task_queues.js:93:5)\n    at async exports.addItemToBasket (C:\\Distrib\\TZ\\WarehouseService\\controllers\\basketController.js:69:30)","timestamp":"2025-01-20T19:39:40.268Z"}
{"level":"error","message":"Cannot read property 'quantity' of undefined","service":"pickapp-service","stack":"TypeError: Cannot read property 'quantity' of undefined\n    at Object.addItemToBasket (C:\\Distrib\\TZ\\WarehouseService\\node_modules\\openfsm-basket-helper\\BasketHelper.js:59:25)\n    at processTicksAndRejections (internal/process/task_queues.js:93:5)\n    at async exports.addItemToBasket (C:\\Distrib\\TZ\\WarehouseService\\controllers\\basketController.js:69:30)","timestamp":"2025-01-20T19:42:21.879Z"}
{"level":"error","message":"Cannot read property 'quantity' of undefined","service":"pickapp-service","stack":"TypeError: Cannot read property 'quantity' of undefined\n    at Object.addItemToBasket (C:\\Distrib\\TZ\\WarehouseService\\node_modules\\openfsm-basket-helper\\BasketHelper.js:59:25)\n    at processTicksAndRejections (internal/process/task_queues.js:93:5)\n    at async exports.addItemToBasket (C:\\Distrib\\TZ\\WarehouseService\\controllers\\basketController.js:69:30)","timestamp":"2025-01-20T19:42:23.067Z"}
{"level":"error","message":"Cannot read property 'quantity' of undefined","service":"pickapp-service","stack":"TypeError: Cannot read property 'quantity' of undefined\n    at Object.addItemToBasket (C:\\Distrib\\TZ\\WarehouseService\\node_modules\\openfsm-basket-helper\\BasketHelper.js:59:25)\n    at processTicksAndRejections (internal/process/task_queues.js:93:5)\n    at async exports.addItemToBasket (C:\\Distrib\\TZ\\WarehouseService\\controllers\\basketController.js:69:30)","timestamp":"2025-01-20T19:42:37.275Z"}
{"level":"error","message":"Cannot read property '0' of undefined","service":"pickapp-service","stack":"TypeError: Cannot read property '0' of undefined\n    at Object.removeItemFromBasket (C:\\Distrib\\TZ\\WarehouseService\\node_modules\\openfsm-basket-helper\\BasketHelper.js:126:22)\n    at processTicksAndRejections (internal/process/task_queues.js:93:5)\n    at async exports.removeItemFromBasket (C:\\Distrib\\TZ\\WarehouseService\\controllers\\basketController.js:48:28)","timestamp":"2025-01-20T19:42:50.750Z"}
{"level":"error","message":"Cannot read property '0' of undefined","service":"pickapp-service","stack":"TypeError: Cannot read property '0' of undefined\n    at Object.removeItemFromBasket (C:\\Distrib\\TZ\\WarehouseService\\node_modules\\openfsm-basket-helper\\BasketHelper.js:126:22)\n    at processTicksAndRejections (internal/process/task_queues.js:93:5)\n    at async exports.removeItemFromBasket (C:\\Distrib\\TZ\\WarehouseService\\controllers\\basketController.js:48:28)","timestamp":"2025-01-20T19:43:02.049Z"}
{"level":"error","message":"Cannot read property '0' of undefined","service":"pickapp-service","stack":"TypeError: Cannot read property '0' of undefined\n    at Object.removeItemFromBasket (C:\\Distrib\\TZ\\WarehouseService\\node_modules\\openfsm-basket-helper\\BasketHelper.js:126:22)\n    at processTicksAndRejections (internal/process/task_queues.js:93:5)\n    at async exports.removeItemFromBasket (C:\\Distrib\\TZ\\WarehouseService\\controllers\\basketController.js:48:28)","timestamp":"2025-01-20T19:43:02.469Z"}
{"level":"error","message":"Cannot read property '0' of undefined","service":"pickapp-service","stack":"TypeError: Cannot read property '0' of undefined\n    at Object.removeItemFromBasket (C:\\Distrib\\TZ\\WarehouseService\\node_modules\\openfsm-basket-helper\\BasketHelper.js:126:22)\n    at processTicksAndRejections (internal/process/task_queues.js:93:5)\n    at async exports.removeItemFromBasket (C:\\Distrib\\TZ\\WarehouseService\\controllers\\basketController.js:48:28)","timestamp":"2025-01-20T19:43:02.781Z"}
{"level":"error","message":"Cannot read property '0' of undefined","service":"pickapp-service","stack":"TypeError: Cannot read property '0' of undefined\n    at Object.removeItemFromBasket (C:\\Distrib\\TZ\\WarehouseService\\node_modules\\openfsm-basket-helper\\BasketHelper.js:126:22)\n    at processTicksAndRejections (internal/process/task_queues.js:93:5)\n    at async exports.removeItemFromBasket (C:\\Distrib\\TZ\\WarehouseService\\controllers\\basketController.js:48:28)","timestamp":"2025-01-20T19:43:03.108Z"}
{"level":"error","message":"Cannot read property '0' of undefined","service":"pickapp-service","stack":"TypeError: Cannot read property '0' of undefined\n    at Object.removeItemFromBasket (C:\\Distrib\\TZ\\WarehouseService\\node_modules\\openfsm-basket-helper\\BasketHelper.js:126:22)\n    at processTicksAndRejections (internal/process/task_queues.js:93:5)\n    at async exports.removeItemFromBasket (C:\\Distrib\\TZ\\WarehouseService\\controllers\\basketController.js:48:28)","timestamp":"2025-01-20T19:43:23.229Z"}
{"level":"error","message":"Cannot read property '0' of undefined","service":"pickapp-service","stack":"TypeError: Cannot read property '0' of undefined\n    at Object.removeItemFromBasket (C:\\Distrib\\TZ\\WarehouseService\\node_modules\\openfsm-basket-helper\\BasketHelper.js:93:22)\n    at processTicksAndRejections (internal/process/task_queues.js:93:5)\n    at async exports.removeItemFromBasket (C:\\Distrib\\TZ\\WarehouseService\\controllers\\basketController.js:48:28)","timestamp":"2025-01-24T16:40:05.208Z"}
{"level":"error","message":"Cannot read property '0' of undefined","service":"pickapp-service","stack":"TypeError: Cannot read property '0' of undefined\n    at Object.removeItemFromBasket (C:\\Distrib\\TZ\\WarehouseService\\node_modules\\openfsm-basket-helper\\BasketHelper.js:93:22)\n    at processTicksAndRejections (internal/process/task_queues.js:93:5)\n    at async exports.removeItemFromBasket (C:\\Distrib\\TZ\\WarehouseService\\controllers\\basketController.js:48:28)","timestamp":"2025-01-24T16:40:06.993Z"}
{"level":"error","message":"Cannot read property '0' of undefined","service":"pickapp-service","stack":"TypeError: Cannot read property '0' of undefined\n    at Object.removeItemFromBasket (C:\\Distrib\\TZ\\WarehouseService\\node_modules\\openfsm-basket-helper\\BasketHelper.js:93:22)\n    at processTicksAndRejections (internal/process/task_queues.js:93:5)\n    at async exports.removeItemFromBasket (C:\\Distrib\\TZ\\WarehouseService\\controllers\\basketController.js:48:28)","timestamp":"2025-01-24T16:41:13.275Z"}
{"code":"08P01","file":"postgres.c","length":137,"level":"error","line":"1709","message":"bind message supplies 3 parameters, but prepared statement \"\" requires 2","name":"error","routine":"exec_bind_message","service":"pickapp-service","severity":"ERROR","stack":"error: bind message supplies 3 parameters, but prepared statement \"\" requires 2\n    at Parser.parseErrorMessage (C:\\Distrib\\TZ\\WarehouseService\\node_modules\\pg-protocol\\dist\\parser.js:283:98)\n    at Parser.handlePacket (C:\\Distrib\\TZ\\WarehouseService\\node_modules\\pg-protocol\\dist\\parser.js:122:29)\n    at Parser.parse (C:\\Distrib\\TZ\\WarehouseService\\node_modules\\pg-protocol\\dist\\parser.js:35:38)\n    at Socket.<anonymous> (C:\\Distrib\\TZ\\WarehouseService\\node_modules\\pg-protocol\\dist\\index.js:11:42)\n    at Socket.emit (events.js:315:20)\n    at addChunk (internal/streams/readable.js:309:12)\n    at readableAddChunk (internal/streams/readable.js:284:9)\n    at Socket.Readable.push (internal/streams/readable.js:223:10)\n    at TCP.onStreamRead (internal/stream_base_commons.js:188:23)\n    at TCP.callbackTrampoline (internal/async_hooks.js:131:14)","timestamp":"2025-01-24T16:53:51.000Z"}
{"code":"08P01","file":"postgres.c","length":137,"level":"error","line":"1709","message":"bind message supplies 3 parameters, but prepared statement \"\" requires 2","name":"error","routine":"exec_bind_message","service":"pickapp-service","severity":"ERROR","stack":"error: bind message supplies 3 parameters, but prepared statement \"\" requires 2\n    at Parser.parseErrorMessage (C:\\Distrib\\TZ\\WarehouseService\\node_modules\\pg-protocol\\dist\\parser.js:283:98)\n    at Parser.handlePacket (C:\\Distrib\\TZ\\WarehouseService\\node_modules\\pg-protocol\\dist\\parser.js:122:29)\n    at Parser.parse (C:\\Distrib\\TZ\\WarehouseService\\node_modules\\pg-protocol\\dist\\parser.js:35:38)\n    at Socket.<anonymous> (C:\\Distrib\\TZ\\WarehouseService\\node_modules\\pg-protocol\\dist\\index.js:11:42)\n    at Socket.emit (events.js:315:20)\n    at addChunk (internal/streams/readable.js:309:12)\n    at readableAddChunk (internal/streams/readable.js:284:9)\n    at Socket.Readable.push (internal/streams/readable.js:223:10)\n    at TCP.onStreamRead (internal/stream_base_commons.js:188:23)\n    at TCP.callbackTrampoline (internal/async_hooks.js:131:14)","timestamp":"2025-01-24T16:53:51.000Z"}
{"code":"08P01","file":"postgres.c","length":137,"level":"error","line":"1709","message":"bind message supplies 3 parameters, but prepared statement \"\" requires 2","name":"error","routine":"exec_bind_message","service":"pickapp-service","severity":"ERROR","stack":"error: bind message supplies 3 parameters, but prepared statement \"\" requires 2\n    at Parser.parseErrorMessage (C:\\Distrib\\TZ\\WarehouseService\\node_modules\\pg-protocol\\dist\\parser.js:283:98)\n    at Parser.handlePacket (C:\\Distrib\\TZ\\WarehouseService\\node_modules\\pg-protocol\\dist\\parser.js:122:29)\n    at Parser.parse (C:\\Distrib\\TZ\\WarehouseService\\node_modules\\pg-protocol\\dist\\parser.js:35:38)\n    at Socket.<anonymous> (C:\\Distrib\\TZ\\WarehouseService\\node_modules\\pg-protocol\\dist\\index.js:11:42)\n    at Socket.emit (events.js:315:20)\n    at addChunk (internal/streams/readable.js:309:12)\n    at readableAddChunk (internal/streams/readable.js:284:9)\n    at Socket.Readable.push (internal/streams/readable.js:223:10)\n    at TCP.onStreamRead (internal/stream_base_commons.js:188:23)\n    at TCP.callbackTrampoline (internal/async_hooks.js:131:14)","timestamp":"2025-01-24T16:54:05.755Z"}
{"code":"08P01","file":"postgres.c","length":137,"level":"error","line":"1709","message":"bind message supplies 3 parameters, but prepared statement \"\" requires 2","name":"error","routine":"exec_bind_message","service":"pickapp-service","severity":"ERROR","stack":"error: bind message supplies 3 parameters, but prepared statement \"\" requires 2\n    at Parser.parseErrorMessage (C:\\Distrib\\TZ\\WarehouseService\\node_modules\\pg-protocol\\dist\\parser.js:283:98)\n    at Parser.handlePacket (C:\\Distrib\\TZ\\WarehouseService\\node_modules\\pg-protocol\\dist\\parser.js:122:29)\n    at Parser.parse (C:\\Distrib\\TZ\\WarehouseService\\node_modules\\pg-protocol\\dist\\parser.js:35:38)\n    at Socket.<anonymous> (C:\\Distrib\\TZ\\WarehouseService\\node_modules\\pg-protocol\\dist\\index.js:11:42)\n    at Socket.emit (events.js:315:20)\n    at addChunk (internal/streams/readable.js:309:12)\n    at readableAddChunk (internal/streams/readable.js:284:9)\n    at Socket.Readable.push (internal/streams/readable.js:223:10)\n    at TCP.onStreamRead (internal/stream_base_commons.js:188:23)\n    at TCP.callbackTrampoline (internal/async_hooks.js:131:14)","timestamp":"2025-01-24T16:54:05.755Z"}
{"level":"error","message":"Cannot read property 'quantity' of undefined","service":"pickapp-service","stack":"TypeError: Cannot read property 'quantity' of undefined\n    at Object.removeItemFromBasket (C:\\Distrib\\TZ\\WarehouseService\\node_modules\\openfsm-basket-helper\\BasketHelper.js:83:25)\n    at processTicksAndRejections (internal/process/task_queues.js:93:5)\n    at async exports.removeItemFromBasket (C:\\Distrib\\TZ\\WarehouseService\\controllers\\basketController.js:48:28)","timestamp":"2025-01-24T16:57:27.604Z"}
{"level":"error","message":"Cannot read property 'quantity' of undefined","service":"pickapp-service","stack":"TypeError: Cannot read property 'quantity' of undefined\n    at Object.removeItemFromBasket (C:\\Distrib\\TZ\\WarehouseService\\node_modules\\openfsm-basket-helper\\BasketHelper.js:83:25)\n    at processTicksAndRejections (internal/process/task_queues.js:93:5)\n    at async exports.removeItemFromBasket (C:\\Distrib\\TZ\\WarehouseService\\controllers\\basketController.js:48:28)","timestamp":"2025-01-24T16:57:30.426Z"}
{"level":"error","message":"Cannot read property 'quantity' of undefined","service":"pickapp-service","stack":"TypeError: Cannot read property 'quantity' of undefined\n    at Object.removeItemFromBasket (C:\\Distrib\\TZ\\WarehouseService\\node_modules\\openfsm-basket-helper\\BasketHelper.js:83:25)\n    at processTicksAndRejections (internal/process/task_queues.js:93:5)\n    at async exports.removeItemFromBasket (C:\\Distrib\\TZ\\WarehouseService\\controllers\\basketController.js:48:28)","timestamp":"2025-01-24T16:57:31.085Z"}
{"level":"error","message":"Cannot read property 'quantity' of undefined","service":"pickapp-service","stack":"TypeError: Cannot read property 'quantity' of undefined\n    at Object.removeItemFromBasket (C:\\Distrib\\TZ\\WarehouseService\\node_modules\\openfsm-basket-helper\\BasketHelper.js:83:25)\n    at processTicksAndRejections (internal/process/task_queues.js:93:5)\n    at async exports.removeItemFromBasket (C:\\Distrib\\TZ\\WarehouseService\\controllers\\basketController.js:48:28)","timestamp":"2025-01-24T16:57:31.624Z"}
{"level":"error","message":"Cannot read property 'quantity' of undefined","service":"pickapp-service","stack":"TypeError: Cannot read property 'quantity' of undefined\n    at Object.removeItemFromBasket (C:\\Distrib\\TZ\\WarehouseService\\node_modules\\openfsm-basket-helper\\BasketHelper.js:83:25)\n    at processTicksAndRejections (internal/process/task_queues.js:93:5)\n    at async exports.removeItemFromBasket (C:\\Distrib\\TZ\\WarehouseService\\controllers\\basketController.js:48:28)","timestamp":"2025-01-24T16:57:32.843Z"}
{"level":"error","message":"Cannot read property 'quantity' of undefined","service":"pickapp-service","stack":"TypeError: Cannot read property 'quantity' of undefined\n    at Object.removeItemFromBasket (C:\\Distrib\\TZ\\WarehouseService\\node_modules\\openfsm-basket-helper\\BasketHelper.js:83:25)\n    at processTicksAndRejections (internal/process/task_queues.js:93:5)\n    at async exports.removeItemFromBasket (C:\\Distrib\\TZ\\WarehouseService\\controllers\\basketController.js:48:28)","timestamp":"2025-01-24T16:57:33.530Z"}
{"level":"error","message":"Cannot read property 'quantity' of undefined","service":"pickapp-service","stack":"TypeError: Cannot read property 'quantity' of undefined\n    at Object.removeItemFromBasket (C:\\Distrib\\TZ\\WarehouseService\\node_modules\\openfsm-basket-helper\\BasketHelper.js:83:25)\n    at processTicksAndRejections (internal/process/task_queues.js:93:5)\n    at async exports.removeItemFromBasket (C:\\Distrib\\TZ\\WarehouseService\\controllers\\basketController.js:48:28)","timestamp":"2025-01-24T16:57:34.073Z"}
{"level":"error","message":null,"service":"pickapp-service","timestamp":"2025-01-24T17:02:55.927Z"}
{"code":"42601","file":"scan.l","length":93,"level":"error","line":"1188","message":"syntax error at or near \"and\"","name":"error","position":"306","routine":"scanner_yyerror","service":"pickapp-service","severity":"ERROR","stack":"error: syntax error at or near \"and\"\n    at Parser.parseErrorMessage (C:\\Distrib\\TZ\\WarehouseService\\node_modules\\pg-protocol\\dist\\parser.js:283:98)\n    at Parser.handlePacket (C:\\Distrib\\TZ\\WarehouseService\\node_modules\\pg-protocol\\dist\\parser.js:122:29)\n    at Parser.parse (C:\\Distrib\\TZ\\WarehouseService\\node_modules\\pg-protocol\\dist\\parser.js:35:38)\n    at Socket.<anonymous> (C:\\Distrib\\TZ\\WarehouseService\\node_modules\\pg-protocol\\dist\\index.js:11:42)\n    at Socket.emit (events.js:315:20)\n    at addChunk (internal/streams/readable.js:309:12)\n    at readableAddChunk (internal/streams/readable.js:284:9)\n    at Socket.Readable.push (internal/streams/readable.js:223:10)\n    at TCP.onStreamRead (internal/stream_base_commons.js:188:23)\n    at TCP.callbackTrampoline (internal/async_hooks.js:131:14)","timestamp":"2025-01-24T17:13:53.110Z"}
{"code":"42601","file":"scan.l","length":93,"level":"error","line":"1188","message":"syntax error at or near \"and\"","name":"error","position":"306","routine":"scanner_yyerror","service":"pickapp-service","severity":"ERROR","stack":"error: syntax error at or near \"and\"\n    at Parser.parseErrorMessage (C:\\Distrib\\TZ\\WarehouseService\\node_modules\\pg-protocol\\dist\\parser.js:283:98)\n    at Parser.handlePacket (C:\\Distrib\\TZ\\WarehouseService\\node_modules\\pg-protocol\\dist\\parser.js:122:29)\n    at Parser.parse (C:\\Distrib\\TZ\\WarehouseService\\node_modules\\pg-protocol\\dist\\parser.js:35:38)\n    at Socket.<anonymous> (C:\\Distrib\\TZ\\WarehouseService\\node_modules\\pg-protocol\\dist\\index.js:11:42)\n    at Socket.emit (events.js:315:20)\n    at addChunk (internal/streams/readable.js:309:12)\n    at readableAddChunk (internal/streams/readable.js:284:9)\n    at Socket.Readable.push (internal/streams/readable.js:223:10)\n    at TCP.onStreamRead (internal/stream_base_commons.js:188:23)\n    at TCP.callbackTrampoline (internal/async_hooks.js:131:14)","timestamp":"2025-01-24T17:13:53.110Z"}
{"code":"42P01","file":"parse_relation.c","length":121,"level":"error","line":"1392","message":"relation \"warehouse_basket_item\" does not exist","name":"error","position":"196","routine":"parserOpenTable","service":"pickapp-service","severity":"ERROR","stack":"error: relation \"warehouse_basket_item\" does not exist\n    at Parser.parseErrorMessage (C:\\Distrib\\TZ\\WarehouseService\\node_modules\\pg-protocol\\dist\\parser.js:283:98)\n    at Parser.handlePacket (C:\\Distrib\\TZ\\WarehouseService\\node_modules\\pg-protocol\\dist\\parser.js:122:29)\n    at Parser.parse (C:\\Distrib\\TZ\\WarehouseService\\node_modules\\pg-protocol\\dist\\parser.js:35:38)\n    at Socket.<anonymous> (C:\\Distrib\\TZ\\WarehouseService\\node_modules\\pg-protocol\\dist\\index.js:11:42)\n    at Socket.emit (events.js:315:20)\n    at addChunk (internal/streams/readable.js:309:12)\n    at readableAddChunk (internal/streams/readable.js:284:9)\n    at Socket.Readable.push (internal/streams/readable.js:223:10)\n    at TCP.onStreamRead (internal/stream_base_commons.js:188:23)\n    at TCP.callbackTrampoline (internal/async_hooks.js:131:14)","timestamp":"2025-01-24T17:14:30.881Z"}
{"code":"42P01","file":"parse_relation.c","length":121,"level":"error","line":"1392","message":"relation \"warehouse_basket_item\" does not exist","name":"error","position":"196","routine":"parserOpenTable","service":"pickapp-service","severity":"ERROR","stack":"error: relation \"warehouse_basket_item\" does not exist\n    at Parser.parseErrorMessage (C:\\Distrib\\TZ\\WarehouseService\\node_modules\\pg-protocol\\dist\\parser.js:283:98)\n    at Parser.handlePacket (C:\\Distrib\\TZ\\WarehouseService\\node_modules\\pg-protocol\\dist\\parser.js:122:29)\n    at Parser.parse (C:\\Distrib\\TZ\\WarehouseService\\node_modules\\pg-protocol\\dist\\parser.js:35:38)\n    at Socket.<anonymous> (C:\\Distrib\\TZ\\WarehouseService\\node_modules\\pg-protocol\\dist\\index.js:11:42)\n    at Socket.emit (events.js:315:20)\n    at addChunk (internal/streams/readable.js:309:12)\n    at readableAddChunk (internal/streams/readable.js:284:9)\n    at Socket.Readable.push (internal/streams/readable.js:223:10)\n    at TCP.onStreamRead (internal/stream_base_commons.js:188:23)\n    at TCP.callbackTrampoline (internal/async_hooks.js:131:14)","timestamp":"2025-01-24T17:14:30.881Z"}
{"level":"error","message":"db.promise is not a function","service":"pickapp-service","stack":"TypeError: db.promise is not a function\n    at Object.getBasketOrder (C:\\Distrib\\TZ\\WarehouseService\\node_modules\\openfsm-basket-helper\\BasketHelper.js:169:28)\n    at processTicksAndRejections (internal/process/task_queues.js:93:5)\n    at async exports.getOrderDetails (C:\\Distrib\\TZ\\WarehouseService\\controllers\\basketController.js:158:23)","timestamp":"2025-01-24T17:20:57.628Z"}
{"level":"error","message":"db.promise is not a function","service":"pickapp-service","stack":"TypeError: db.promise is not a function\n    at Object.getBasketOrder (C:\\Distrib\\TZ\\WarehouseService\\node_modules\\openfsm-basket-helper\\BasketHelper.js:169:28)\n    at processTicksAndRejections (internal/process/task_queues.js:93:5)\n    at async exports.getOrderDetails (C:\\Distrib\\TZ\\WarehouseService\\controllers\\basketController.js:158:23)","timestamp":"2025-01-24T17:36:36.517Z"}
{"level":"error","message":"db.promise is not a function","service":"pickapp-service","stack":"TypeError: db.promise is not a function\n    at Object.getBasketOrder (C:\\Distrib\\TZ\\WarehouseService\\node_modules\\openfsm-basket-helper\\BasketHelper.js:169:28)\n    at processTicksAndRejections (internal/process/task_queues.js:93:5)\n    at async exports.getOrderDetails (C:\\Distrib\\TZ\\WarehouseService\\controllers\\basketController.js:157:23)","timestamp":"2025-01-24T17:38:11.132Z"}
{"code":"42601","file":"gram.y","hint":"Use separate LIMIT and OFFSET clauses.","length":135,"level":"error","line":"12903","message":"LIMIT #,# syntax is not supported","name":"error","position":"129","routine":"base_yyparse","service":"pickapp-service","severity":"ERROR","stack":"error: LIMIT #,# syntax is not supported\n    at Parser.parseErrorMessage (C:\\Distrib\\TZ\\WarehouseService\\node_modules\\pg-protocol\\dist\\parser.js:283:98)\n    at Parser.handlePacket (C:\\Distrib\\TZ\\WarehouseService\\node_modules\\pg-protocol\\dist\\parser.js:122:29)\n    at Parser.parse (C:\\Distrib\\TZ\\WarehouseService\\node_modules\\pg-protocol\\dist\\parser.js:35:38)\n    at Socket.<anonymous> (C:\\Distrib\\TZ\\WarehouseService\\node_modules\\pg-protocol\\dist\\index.js:11:42)\n    at Socket.emit (events.js:315:20)\n    at addChunk (internal/streams/readable.js:309:12)\n    at readableAddChunk (internal/streams/readable.js:284:9)\n    at Socket.Readable.push (internal/streams/readable.js:223:10)\n    at TCP.onStreamRead (internal/stream_base_commons.js:188:23)\n    at TCP.callbackTrampoline (internal/async_hooks.js:131:14)","timestamp":"2025-01-24T17:55:30.190Z"}
{"code":"42601","file":"gram.y","hint":"Use separate LIMIT and OFFSET clauses.","length":135,"level":"error","line":"12903","message":"LIMIT #,# syntax is not supported","name":"error","position":"129","routine":"base_yyparse","service":"pickapp-service","severity":"ERROR","stack":"error: LIMIT #,# syntax is not supported\n    at Parser.parseErrorMessage (C:\\Distrib\\TZ\\WarehouseService\\node_modules\\pg-protocol\\dist\\parser.js:283:98)\n    at Parser.handlePacket (C:\\Distrib\\TZ\\WarehouseService\\node_modules\\pg-protocol\\dist\\parser.js:122:29)\n    at Parser.parse (C:\\Distrib\\TZ\\WarehouseService\\node_modules\\pg-protocol\\dist\\parser.js:35:38)\n    at Socket.<anonymous> (C:\\Distrib\\TZ\\WarehouseService\\node_modules\\pg-protocol\\dist\\index.js:11:42)\n    at Socket.emit (events.js:315:20)\n    at addChunk (internal/streams/readable.js:309:12)\n    at readableAddChunk (internal/streams/readable.js:284:9)\n    at Socket.Readable.push (internal/streams/readable.js:223:10)\n    at TCP.onStreamRead (internal/stream_base_commons.js:188:23)\n    at TCP.callbackTrampoline (internal/async_hooks.js:131:14)","timestamp":"2025-01-24T17:57:17.581Z"}
{"code":"42601","file":"gram.y","hint":"Use separate LIMIT and OFFSET clauses.","length":135,"level":"error","line":"12903","message":"LIMIT #,# syntax is not supported","name":"error","position":"129","routine":"base_yyparse","service":"pickapp-service","severity":"ERROR","stack":"error: LIMIT #,# syntax is not supported\n    at Parser.parseErrorMessage (C:\\Distrib\\TZ\\WarehouseService\\node_modules\\pg-protocol\\dist\\parser.js:283:98)\n    at Parser.handlePacket (C:\\Distrib\\TZ\\WarehouseService\\node_modules\\pg-protocol\\dist\\parser.js:122:29)\n    at Parser.parse (C:\\Distrib\\TZ\\WarehouseService\\node_modules\\pg-protocol\\dist\\parser.js:35:38)\n    at Socket.<anonymous> (C:\\Distrib\\TZ\\WarehouseService\\node_modules\\pg-protocol\\dist\\index.js:11:42)\n    at Socket.emit (events.js:315:20)\n    at addChunk (internal/streams/readable.js:309:12)\n    at readableAddChunk (internal/streams/readable.js:284:9)\n    at Socket.Readable.push (internal/streams/readable.js:223:10)\n    at TCP.onStreamRead (internal/stream_base_commons.js:188:23)\n    at TCP.callbackTrampoline (internal/async_hooks.js:131:14)","timestamp":"2025-01-24T18:00:09.287Z"}
{"code":"42601","file":"gram.y","hint":"Use separate LIMIT and OFFSET clauses.","length":135,"level":"error","line":"12903","message":"LIMIT #,# syntax is not supported","name":"error","position":"129","routine":"base_yyparse","service":"pickapp-service","severity":"ERROR","stack":"error: LIMIT #,# syntax is not supported\n    at Parser.parseErrorMessage (C:\\Distrib\\TZ\\WarehouseService\\node_modules\\pg-protocol\\dist\\parser.js:283:98)\n    at Parser.handlePacket (C:\\Distrib\\TZ\\WarehouseService\\node_modules\\pg-protocol\\dist\\parser.js:122:29)\n    at Parser.parse (C:\\Distrib\\TZ\\WarehouseService\\node_modules\\pg-protocol\\dist\\parser.js:35:38)\n    at Socket.<anonymous> (C:\\Distrib\\TZ\\WarehouseService\\node_modules\\pg-protocol\\dist\\index.js:11:42)\n    at Socket.emit (events.js:315:20)\n    at addChunk (internal/streams/readable.js:309:12)\n    at readableAddChunk (internal/streams/readable.js:284:9)\n    at Socket.Readable.push (internal/streams/readable.js:223:10)\n    at TCP.onStreamRead (internal/stream_base_commons.js:188:23)\n    at TCP.callbackTrampoline (internal/async_hooks.js:131:14)","timestamp":"2025-01-24T18:30:45.602Z"}
{"code":"08P01","file":"postgres.c","length":137,"level":"error","line":"1709","message":"bind message supplies 1 parameters, but prepared statement \"\" requires 0","name":"error","routine":"exec_bind_message","service":"pickapp-service","severity":"ERROR","stack":"error: bind message supplies 1 parameters, but prepared statement \"\" requires 0\n    at Parser.parseErrorMessage (C:\\Distrib\\TZ\\WarehouseService\\node_modules\\pg-protocol\\dist\\parser.js:283:98)\n    at Parser.handlePacket (C:\\Distrib\\TZ\\WarehouseService\\node_modules\\pg-protocol\\dist\\parser.js:122:29)\n    at Parser.parse (C:\\Distrib\\TZ\\WarehouseService\\node_modules\\pg-protocol\\dist\\parser.js:35:38)\n    at Socket.<anonymous> (C:\\Distrib\\TZ\\WarehouseService\\node_modules\\pg-protocol\\dist\\index.js:11:42)\n    at Socket.emit (events.js:315:20)\n    at addChunk (internal/streams/readable.js:309:12)\n    at readableAddChunk (internal/streams/readable.js:284:9)\n    at Socket.Readable.push (internal/streams/readable.js:223:10)\n    at TCP.onStreamRead (internal/stream_base_commons.js:188:23)\n    at TCP.callbackTrampoline (internal/async_hooks.js:131:14)","timestamp":"2025-01-24T18:34:28.233Z"}
{"code":"08P01","file":"postgres.c","length":137,"level":"error","line":"1709","message":"bind message supplies 1 parameters, but prepared statement \"\" requires 0","name":"error","routine":"exec_bind_message","service":"pickapp-service","severity":"ERROR","stack":"error: bind message supplies 1 parameters, but prepared statement \"\" requires 0\n    at Parser.parseErrorMessage (C:\\Distrib\\TZ\\WarehouseService\\node_modules\\pg-protocol\\dist\\parser.js:283:98)\n    at Parser.handlePacket (C:\\Distrib\\TZ\\WarehouseService\\node_modules\\pg-protocol\\dist\\parser.js:122:29)\n    at Parser.parse (C:\\Distrib\\TZ\\WarehouseService\\node_modules\\pg-protocol\\dist\\parser.js:35:38)\n    at Socket.<anonymous> (C:\\Distrib\\TZ\\WarehouseService\\node_modules\\pg-protocol\\dist\\index.js:11:42)\n    at Socket.emit (events.js:315:20)\n    at addChunk (internal/streams/readable.js:309:12)\n    at readableAddChunk (internal/streams/readable.js:284:9)\n    at Socket.Readable.push (internal/streams/readable.js:223:10)\n    at TCP.onStreamRead (internal/stream_base_commons.js:188:23)\n    at TCP.callbackTrampoline (internal/async_hooks.js:131:14)","timestamp":"2025-01-24T18:34:28.233Z"}
{"code":"08P01","file":"postgres.c","length":137,"level":"error","line":"1709","message":"bind message supplies 1 parameters, but prepared statement \"\" requires 0","name":"error","routine":"exec_bind_message","service":"pickapp-service","severity":"ERROR","stack":"error: bind message supplies 1 parameters, but prepared statement \"\" requires 0\n    at Parser.parseErrorMessage (C:\\Distrib\\TZ\\WarehouseService\\node_modules\\pg-protocol\\dist\\parser.js:283:98)\n    at Parser.handlePacket (C:\\Distrib\\TZ\\WarehouseService\\node_modules\\pg-protocol\\dist\\parser.js:122:29)\n    at Parser.parse (C:\\Distrib\\TZ\\WarehouseService\\node_modules\\pg-protocol\\dist\\parser.js:35:38)\n    at Socket.<anonymous> (C:\\Distrib\\TZ\\WarehouseService\\node_modules\\pg-protocol\\dist\\index.js:11:42)\n    at Socket.emit (events.js:315:20)\n    at addChunk (internal/streams/readable.js:309:12)\n    at readableAddChunk (internal/streams/readable.js:284:9)\n    at Socket.Readable.push (internal/streams/readable.js:223:10)\n    at TCP.onStreamRead (internal/stream_base_commons.js:188:23)\n    at TCP.callbackTrampoline (internal/async_hooks.js:131:14)","timestamp":"2025-01-24T18:35:11.749Z"}
{"code":"08P01","file":"postgres.c","length":137,"level":"error","line":"1709","message":"bind message supplies 1 parameters, but prepared statement \"\" requires 0","name":"error","routine":"exec_bind_message","service":"pickapp-service","severity":"ERROR","stack":"error: bind message supplies 1 parameters, but prepared statement \"\" requires 0\n    at Parser.parseErrorMessage (C:\\Distrib\\TZ\\WarehouseService\\node_modules\\pg-protocol\\dist\\parser.js:283:98)\n    at Parser.handlePacket (C:\\Distrib\\TZ\\WarehouseService\\node_modules\\pg-protocol\\dist\\parser.js:122:29)\n    at Parser.parse (C:\\Distrib\\TZ\\WarehouseService\\node_modules\\pg-protocol\\dist\\parser.js:35:38)\n    at Socket.<anonymous> (C:\\Distrib\\TZ\\WarehouseService\\node_modules\\pg-protocol\\dist\\index.js:11:42)\n    at Socket.emit (events.js:315:20)\n    at addChunk (internal/streams/readable.js:309:12)\n    at readableAddChunk (internal/streams/readable.js:284:9)\n    at Socket.Readable.push (internal/streams/readable.js:223:10)\n    at TCP.onStreamRead (internal/stream_base_commons.js:188:23)\n    at TCP.callbackTrampoline (internal/async_hooks.js:131:14)","timestamp":"2025-01-24T18:35:11.749Z"}
{"code":"08P01","file":"postgres.c","length":137,"level":"error","line":"1709","message":"bind message supplies 1 parameters, but prepared statement \"\" requires 0","name":"error","routine":"exec_bind_message","service":"pickapp-service","severity":"ERROR","stack":"error: bind message supplies 1 parameters, but prepared statement \"\" requires 0\n    at Parser.parseErrorMessage (C:\\Distrib\\TZ\\WarehouseService\\node_modules\\pg-protocol\\dist\\parser.js:283:98)\n    at Parser.handlePacket (C:\\Distrib\\TZ\\WarehouseService\\node_modules\\pg-protocol\\dist\\parser.js:122:29)\n    at Parser.parse (C:\\Distrib\\TZ\\WarehouseService\\node_modules\\pg-protocol\\dist\\parser.js:35:38)\n    at Socket.<anonymous> (C:\\Distrib\\TZ\\WarehouseService\\node_modules\\pg-protocol\\dist\\index.js:11:42)\n    at Socket.emit (events.js:315:20)\n    at addChunk (internal/streams/readable.js:309:12)\n    at readableAddChunk (internal/streams/readable.js:284:9)\n    at Socket.Readable.push (internal/streams/readable.js:223:10)\n    at TCP.onStreamRead (internal/stream_base_commons.js:188:23)\n    at TCP.callbackTrampoline (internal/async_hooks.js:131:14)","timestamp":"2025-01-24T18:35:53.902Z"}
{"code":"23502","column":"user_id","detail":"Failing row contains (8, null, 2025-01-24 18:37:37.485421, 2025-01-24 18:37:37.485421).","file":"execMain.c","length":291,"level":"error","line":"1977","message":"null value in column \"user_id\" of relation \"warehouse_basket\" violates not-null constraint","name":"error","routine":"ExecConstraints","schema":"pa_warehouse_service","service":"pickapp-service","severity":"ERROR","stack":"error: null value in column \"user_id\" of relation \"warehouse_basket\" violates not-null constraint\n    at Parser.parseErrorMessage (C:\\Distrib\\TZ\\WarehouseService\\node_modules\\pg-protocol\\dist\\parser.js:283:98)\n    at Parser.handlePacket (C:\\Distrib\\TZ\\WarehouseService\\node_modules\\pg-protocol\\dist\\parser.js:122:29)\n    at Parser.parse (C:\\Distrib\\TZ\\WarehouseService\\node_modules\\pg-protocol\\dist\\parser.js:35:38)\n    at Socket.<anonymous> (C:\\Distrib\\TZ\\WarehouseService\\node_modules\\pg-protocol\\dist\\index.js:11:42)\n    at Socket.emit (events.js:315:20)\n    at addChunk (internal/streams/readable.js:309:12)\n    at readableAddChunk (internal/streams/readable.js:284:9)\n    at Socket.Readable.push (internal/streams/readable.js:223:10)\n    at TCP.onStreamRead (internal/stream_base_commons.js:188:23)\n    at TCP.callbackTrampoline (internal/async_hooks.js:131:14)","table":"warehouse_basket","timestamp":"2025-01-24T18:37:37.489Z"}
{"code":"23502","column":"user_id","detail":"Failing row contains (9, null, 2025-01-24 18:37:37.531468, 2025-01-24 18:37:37.531468).","file":"execMain.c","length":291,"level":"error","line":"1977","message":"null value in column \"user_id\" of relation \"warehouse_basket\" violates not-null constraint","name":"error","routine":"ExecConstraints","schema":"pa_warehouse_service","service":"pickapp-service","severity":"ERROR","stack":"error: null value in column \"user_id\" of relation \"warehouse_basket\" violates not-null constraint\n    at Parser.parseErrorMessage (C:\\Distrib\\TZ\\WarehouseService\\node_modules\\pg-protocol\\dist\\parser.js:283:98)\n    at Parser.handlePacket (C:\\Distrib\\TZ\\WarehouseService\\node_modules\\pg-protocol\\dist\\parser.js:122:29)\n    at Parser.parse (C:\\Distrib\\TZ\\WarehouseService\\node_modules\\pg-protocol\\dist\\parser.js:35:38)\n    at Socket.<anonymous> (C:\\Distrib\\TZ\\WarehouseService\\node_modules\\pg-protocol\\dist\\index.js:11:42)\n    at Socket.emit (events.js:315:20)\n    at addChunk (internal/streams/readable.js:309:12)\n    at readableAddChunk (internal/streams/readable.js:284:9)\n    at Socket.Readable.push (internal/streams/readable.js:223:10)\n    at TCP.onStreamRead (internal/stream_base_commons.js:188:23)\n    at TCP.callbackTrampoline (internal/async_hooks.js:131:14)","table":"warehouse_basket","timestamp":"2025-01-24T18:37:37.532Z"}
{"code":"23502","column":"user_id","detail":"Failing row contains (10, null, 2025-01-24 18:37:37.531048, 2025-01-24 18:37:37.531048).","file":"execMain.c","length":292,"level":"error","line":"1977","message":"null value in column \"user_id\" of relation \"warehouse_basket\" violates not-null constraint","name":"error","routine":"ExecConstraints","schema":"pa_warehouse_service","service":"pickapp-service","severity":"ERROR","stack":"error: null value in column \"user_id\" of relation \"warehouse_basket\" violates not-null constraint\n    at Parser.parseErrorMessage (C:\\Distrib\\TZ\\WarehouseService\\node_modules\\pg-protocol\\dist\\parser.js:283:98)\n    at Parser.handlePacket (C:\\Distrib\\TZ\\WarehouseService\\node_modules\\pg-protocol\\dist\\parser.js:122:29)\n    at Parser.parse (C:\\Distrib\\TZ\\WarehouseService\\node_modules\\pg-protocol\\dist\\parser.js:35:38)\n    at Socket.<anonymous> (C:\\Distrib\\TZ\\WarehouseService\\node_modules\\pg-protocol\\dist\\index.js:11:42)\n    at Socket.emit (events.js:315:20)\n    at addChunk (internal/streams/readable.js:309:12)\n    at readableAddChunk (internal/streams/readable.js:284:9)\n    at Socket.Readable.push (internal/streams/readable.js:223:10)\n    at TCP.onStreamRead (internal/stream_base_commons.js:188:23)\n    at TCP.callbackTrampoline (internal/async_hooks.js:131:14)","table":"warehouse_basket","timestamp":"2025-01-24T18:37:37.537Z"}
{"code":"23502","column":"user_id","detail":"Failing row contains (11, null, 2025-01-24 18:37:37.550376, 2025-01-24 18:37:37.550376).","file":"execMain.c","length":292,"level":"error","line":"1977","message":"null value in column \"user_id\" of relation \"warehouse_basket\" violates not-null constraint","name":"error","routine":"ExecConstraints","schema":"pa_warehouse_service","service":"pickapp-service","severity":"ERROR","stack":"error: null value in column \"user_id\" of relation \"warehouse_basket\" violates not-null constraint\n    at Parser.parseErrorMessage (C:\\Distrib\\TZ\\WarehouseService\\node_modules\\pg-protocol\\dist\\parser.js:283:98)\n    at Parser.handlePacket (C:\\Distrib\\TZ\\WarehouseService\\node_modules\\pg-protocol\\dist\\parser.js:122:29)\n    at Parser.parse (C:\\Distrib\\TZ\\WarehouseService\\node_modules\\pg-protocol\\dist\\parser.js:35:38)\n    at Socket.<anonymous> (C:\\Distrib\\TZ\\WarehouseService\\node_modules\\pg-protocol\\dist\\index.js:11:42)\n    at Socket.emit (events.js:315:20)\n    at addChunk (internal/streams/readable.js:309:12)\n    at readableAddChunk (internal/streams/readable.js:284:9)\n    at Socket.Readable.push (internal/streams/readable.js:223:10)\n    at TCP.onStreamRead (internal/stream_base_commons.js:188:23)\n    at TCP.callbackTrampoline (internal/async_hooks.js:131:14)","table":"warehouse_basket","timestamp":"2025-01-24T18:37:37.551Z"}
{"code":"23502","column":"user_id","detail":"Failing row contains (12, null, 2025-01-24 18:37:37.555794, 2025-01-24 18:37:37.555794).","file":"execMain.c","length":292,"level":"error","line":"1977","message":"null value in column \"user_id\" of relation \"warehouse_basket\" violates not-null constraint","name":"error","routine":"ExecConstraints","schema":"pa_warehouse_service","service":"pickapp-service","severity":"ERROR","stack":"error: null value in column \"user_id\" of relation \"warehouse_basket\" violates not-null constraint\n    at Parser.parseErrorMessage (C:\\Distrib\\TZ\\WarehouseService\\node_modules\\pg-protocol\\dist\\parser.js:283:98)\n    at Parser.handlePacket (C:\\Distrib\\TZ\\WarehouseService\\node_modules\\pg-protocol\\dist\\parser.js:122:29)\n    at Parser.parse (C:\\Distrib\\TZ\\WarehouseService\\node_modules\\pg-protocol\\dist\\parser.js:35:38)\n    at Socket.<anonymous> (C:\\Distrib\\TZ\\WarehouseService\\node_modules\\pg-protocol\\dist\\index.js:11:42)\n    at Socket.emit (events.js:315:20)\n    at addChunk (internal/streams/readable.js:309:12)\n    at readableAddChunk (internal/streams/readable.js:284:9)\n    at Socket.Readable.push (internal/streams/readable.js:223:10)\n    at TCP.onStreamRead (internal/stream_base_commons.js:188:23)\n    at TCP.callbackTrampoline (internal/async_hooks.js:131:14)","table":"warehouse_basket","timestamp":"2025-01-24T18:37:37.557Z"}
{"code":"23502","column":"user_id","detail":"Failing row contains (13, null, 2025-01-24 18:37:37.566019, 2025-01-24 18:37:37.566019).","file":"execMain.c","length":292,"level":"error","line":"1977","message":"null value in column \"user_id\" of relation \"warehouse_basket\" violates not-null constraint","name":"error","routine":"ExecConstraints","schema":"pa_warehouse_service","service":"pickapp-service","severity":"ERROR","stack":"error: null value in column \"user_id\" of relation \"warehouse_basket\" violates not-null constraint\n    at Parser.parseErrorMessage (C:\\Distrib\\TZ\\WarehouseService\\node_modules\\pg-protocol\\dist\\parser.js:283:98)\n    at Parser.handlePacket (C:\\Distrib\\TZ\\WarehouseService\\node_modules\\pg-protocol\\dist\\parser.js:122:29)\n    at Parser.parse (C:\\Distrib\\TZ\\WarehouseService\\node_modules\\pg-protocol\\dist\\parser.js:35:38)\n    at Socket.<anonymous> (C:\\Distrib\\TZ\\WarehouseService\\node_modules\\pg-protocol\\dist\\index.js:11:42)\n    at Socket.emit (events.js:315:20)\n    at addChunk (internal/streams/readable.js:309:12)\n    at readableAddChunk (internal/streams/readable.js:284:9)\n    at Socket.Readable.push (internal/streams/readable.js:223:10)\n    at TCP.onStreamRead (internal/stream_base_commons.js:188:23)\n    at TCP.callbackTrampoline (internal/async_hooks.js:131:14)","table":"warehouse_basket","timestamp":"2025-01-24T18:37:37.567Z"}
{"code":"23502","column":"user_id","detail":"Failing row contains (14, null, 2025-01-24 18:37:37.585238, 2025-01-24 18:37:37.585238).","file":"execMain.c","length":292,"level":"error","line":"1977","message":"null value in column \"user_id\" of relation \"warehouse_basket\" violates not-null constraint","name":"error","routine":"ExecConstraints","schema":"pa_warehouse_service","service":"pickapp-service","severity":"ERROR","stack":"error: null value in column \"user_id\" of relation \"warehouse_basket\" violates not-null constraint\n    at Parser.parseErrorMessage (C:\\Distrib\\TZ\\WarehouseService\\node_modules\\pg-protocol\\dist\\parser.js:283:98)\n    at Parser.handlePacket (C:\\Distrib\\TZ\\WarehouseService\\node_modules\\pg-protocol\\dist\\parser.js:122:29)\n    at Parser.parse (C:\\Distrib\\TZ\\WarehouseService\\node_modules\\pg-protocol\\dist\\parser.js:35:38)\n    at Socket.<anonymous> (C:\\Distrib\\TZ\\WarehouseService\\node_modules\\pg-protocol\\dist\\index.js:11:42)\n    at Socket.emit (events.js:315:20)\n    at addChunk (internal/streams/readable.js:309:12)\n    at readableAddChunk (internal/streams/readable.js:284:9)\n    at Socket.Readable.push (internal/streams/readable.js:223:10)\n    at TCP.onStreamRead (internal/stream_base_commons.js:188:23)\n    at TCP.callbackTrampoline (internal/async_hooks.js:131:14)","table":"warehouse_basket","timestamp":"2025-01-24T18:37:37.586Z"}
{"code":"23502","column":"user_id","detail":"Failing row contains (15, null, 2025-01-24 18:37:37.586322, 2025-01-24 18:37:37.586322).","file":"execMain.c","length":292,"level":"error","line":"1977","message":"null value in column \"user_id\" of relation \"warehouse_basket\" violates not-null constraint","name":"error","routine":"ExecConstraints","schema":"pa_warehouse_service","service":"pickapp-service","severity":"ERROR","stack":"error: null value in column \"user_id\" of relation \"warehouse_basket\" violates not-null constraint\n    at Parser.parseErrorMessage (C:\\Distrib\\TZ\\WarehouseService\\node_modules\\pg-protocol\\dist\\parser.js:283:98)\n    at Parser.handlePacket (C:\\Distrib\\TZ\\WarehouseService\\node_modules\\pg-protocol\\dist\\parser.js:122:29)\n    at Parser.parse (C:\\Distrib\\TZ\\WarehouseService\\node_modules\\pg-protocol\\dist\\parser.js:35:38)\n    at Socket.<anonymous> (C:\\Distrib\\TZ\\WarehouseService\\node_modules\\pg-protocol\\dist\\index.js:11:42)\n    at Socket.emit (events.js:315:20)\n    at addChunk (internal/streams/readable.js:309:12)\n    at readableAddChunk (internal/streams/readable.js:284:9)\n    at Socket.Readable.push (internal/streams/readable.js:223:10)\n    at TCP.onStreamRead (internal/stream_base_commons.js:188:23)\n    at TCP.callbackTrampoline (internal/async_hooks.js:131:14)","table":"warehouse_basket","timestamp":"2025-01-24T18:37:37.590Z"}
{"code":"23502","column":"user_id","detail":"Failing row contains (16, null, 2025-01-24 18:37:37.597769, 2025-01-24 18:37:37.597769).","file":"execMain.c","length":292,"level":"error","line":"1977","message":"null value in column \"user_id\" of relation \"warehouse_basket\" violates not-null constraint","name":"error","routine":"ExecConstraints","schema":"pa_warehouse_service","service":"pickapp-service","severity":"ERROR","stack":"error: null value in column \"user_id\" of relation \"warehouse_basket\" violates not-null constraint\n    at Parser.parseErrorMessage (C:\\Distrib\\TZ\\WarehouseService\\node_modules\\pg-protocol\\dist\\parser.js:283:98)\n    at Parser.handlePacket (C:\\Distrib\\TZ\\WarehouseService\\node_modules\\pg-protocol\\dist\\parser.js:122:29)\n    at Parser.parse (C:\\Distrib\\TZ\\WarehouseService\\node_modules\\pg-protocol\\dist\\parser.js:35:38)\n    at Socket.<anonymous> (C:\\Distrib\\TZ\\WarehouseService\\node_modules\\pg-protocol\\dist\\index.js:11:42)\n    at Socket.emit (events.js:315:20)\n    at addChunk (internal/streams/readable.js:309:12)\n    at readableAddChunk (internal/streams/readable.js:284:9)\n    at Socket.Readable.push (internal/streams/readable.js:223:10)\n    at TCP.onStreamRead (internal/stream_base_commons.js:188:23)\n    at TCP.callbackTrampoline (internal/async_hooks.js:131:14)","table":"warehouse_basket","timestamp":"2025-01-24T18:37:37.598Z"}
{"level":"error","message":"timeout exceeded when trying to connect","service":"pickapp-service","stack":"Error: timeout exceeded when trying to connect\n    at Timeout._onTimeout (C:\\Distrib\\TZ\\WarehouseService\\node_modules\\pg-pool\\index.js:205:27)\n    at listOnTimeout (internal/timers.js:554:17)\n    at processTimers (internal/timers.js:497:7)","timestamp":"2025-01-26T18:19:30.967Z"}
{"level":"error","message":"error is not defined","service":"pickapp-service","stack":"ReferenceError: error is not defined\n    at C:\\Distrib\\TZ\\WarehouseService\\controllers\\warehouseController.js:81:89\n    at processTicksAndRejections (internal/process/task_queues.js:93:5)\n    at runNextTicks (internal/process/task_queues.js:62:3)\n    at listOnTimeout (internal/timers.js:523:9)\n    at processTimers (internal/timers.js:497:7)\n    at async Promise.all (index 1)\n    at async exports.getProductsByCategories (C:\\Distrib\\TZ\\WarehouseService\\controllers\\warehouseController.js:71:28)","timestamp":"2025-01-26T18:19:30.986Z"}
{"level":"error","message":"timeout exceeded when trying to connect","service":"pickapp-service","stack":"Error: timeout exceeded when trying to connect\n    at Timeout._onTimeout (C:\\Distrib\\TZ\\WarehouseService\\node_modules\\pg-pool\\index.js:205:27)\n    at listOnTimeout (internal/timers.js:554:17)\n    at processTimers (internal/timers.js:497:7)","timestamp":"2025-01-26T18:19:30.995Z"}
{"level":"error","message":"timeout exceeded when trying to connect","service":"pickapp-service","stack":"Error: timeout exceeded when trying to connect\n    at Timeout._onTimeout (C:\\Distrib\\TZ\\WarehouseService\\node_modules\\pg-pool\\index.js:205:27)\n    at listOnTimeout (internal/timers.js:554:17)\n    at processTimers (internal/timers.js:497:7)","timestamp":"2025-01-26T18:19:30.999Z"}
{"level":"error","message":"timeout exceeded when trying to connect","service":"pickapp-service","stack":"Error: timeout exceeded when trying to connect\n    at Timeout._onTimeout (C:\\Distrib\\TZ\\WarehouseService\\node_modules\\pg-pool\\index.js:205:27)\n    at listOnTimeout (internal/timers.js:554:17)\n    at processTimers (internal/timers.js:497:7)","timestamp":"2025-01-26T18:19:31.002Z"}
{"level":"error","message":"timeout exceeded when trying to connect","service":"pickapp-service","stack":"Error: timeout exceeded when trying to connect\n    at Timeout._onTimeout (C:\\Distrib\\TZ\\WarehouseService\\node_modules\\pg-pool\\index.js:205:27)\n    at listOnTimeout (internal/timers.js:554:17)\n    at processTimers (internal/timers.js:497:7)","timestamp":"2025-01-26T18:19:31.005Z"}
{"level":"error","message":"timeout exceeded when trying to connect","service":"pickapp-service","stack":"Error: timeout exceeded when trying to connect\n    at Timeout._onTimeout (C:\\Distrib\\TZ\\WarehouseService\\node_modules\\pg-pool\\index.js:205:27)\n    at listOnTimeout (internal/timers.js:554:17)\n    at processTimers (internal/timers.js:497:7)","timestamp":"2025-01-26T18:19:31.009Z"}
{"level":"error","message":"timeout exceeded when trying to connect","service":"pickapp-service","stack":"Error: timeout exceeded when trying to connect\n    at Timeout._onTimeout (C:\\Distrib\\TZ\\WarehouseService\\node_modules\\pg-pool\\index.js:205:27)\n    at listOnTimeout (internal/timers.js:554:17)\n    at processTimers (internal/timers.js:497:7)","timestamp":"2025-01-26T18:19:31.011Z"}
{"level":"error","message":"timeout exceeded when trying to connect","service":"pickapp-service","stack":"Error: timeout exceeded when trying to connect\n    at Timeout._onTimeout (C:\\Distrib\\TZ\\WarehouseService\\node_modules\\pg-pool\\index.js:205:27)\n    at listOnTimeout (internal/timers.js:554:17)\n    at processTimers (internal/timers.js:497:7)","timestamp":"2025-01-26T18:19:31.014Z"}
{"level":"error","message":"timeout exceeded when trying to connect","service":"pickapp-service","stack":"Error: timeout exceeded when trying to connect\n    at Timeout._onTimeout (C:\\Distrib\\TZ\\WarehouseService\\node_modules\\pg-pool\\index.js:205:27)\n    at listOnTimeout (internal/timers.js:554:17)\n    at processTimers (internal/timers.js:497:7)","timestamp":"2025-01-26T18:19:53.830Z"}
{"level":"error","message":"timeout exceeded when trying to connect","service":"pickapp-service","stack":"Error: timeout exceeded when trying to connect\n    at Timeout._onTimeout (C:\\Distrib\\TZ\\WarehouseService\\node_modules\\pg-pool\\index.js:205:27)\n    at listOnTimeout (internal/timers.js:554:17)\n    at processTimers (internal/timers.js:497:7)","timestamp":"2025-01-26T18:21:56.999Z"}
{"level":"error","message":"timeout exceeded when trying to connect","service":"pickapp-service","stack":"Error: timeout exceeded when trying to connect\n    at Timeout._onTimeout (C:\\Distrib\\TZ\\WarehouseService\\node_modules\\pg-pool\\index.js:205:27)\n    at listOnTimeout (internal/timers.js:554:17)\n    at processTimers (internal/timers.js:497:7)","timestamp":"2025-01-26T18:23:28.690Z"}
{"level":"error","message":"error is not defined","service":"pickapp-service","stack":"ReferenceError: error is not defined\n    at C:\\Distrib\\TZ\\WarehouseService\\controllers\\warehouseController.js:81:89\n    at processTicksAndRejections (internal/process/task_queues.js:93:5)\n    at runNextTicks (internal/process/task_queues.js:62:3)\n    at listOnTimeout (internal/timers.js:523:9)\n    at processTimers (internal/timers.js:497:7)\n    at async Promise.all (index 1)\n    at async exports.getProductsByCategories (C:\\Distrib\\TZ\\WarehouseService\\controllers\\warehouseController.js:71:28)","timestamp":"2025-01-26T18:24:16.747Z"}
{"level":"error","message":"timeout exceeded when trying to connect","service":"pickapp-service","stack":"Error: timeout exceeded when trying to connect\n    at Timeout._onTimeout (C:\\Distrib\\TZ\\WarehouseService\\node_modules\\pg-pool\\index.js:205:27)\n    at listOnTimeout (internal/timers.js:554:17)\n    at processTimers (internal/timers.js:497:7)","timestamp":"2025-01-26T18:24:16.757Z"}
{"level":"error","message":"timeout exceeded when trying to connect","service":"pickapp-service","stack":"Error: timeout exceeded when trying to connect\n    at Timeout._onTimeout (C:\\Distrib\\TZ\\WarehouseService\\node_modules\\pg-pool\\index.js:205:27)\n    at listOnTimeout (internal/timers.js:554:17)\n    at processTimers (internal/timers.js:497:7)","timestamp":"2025-01-26T18:24:18.453Z"}
{"level":"error","message":"timeout exceeded when trying to connect","service":"pickapp-service","stack":"Error: timeout exceeded when trying to connect\n    at Timeout._onTimeout (C:\\Distrib\\TZ\\WarehouseService\\node_modules\\pg-pool\\index.js:205:27)\n    at listOnTimeout (internal/timers.js:554:17)\n    at processTimers (internal/timers.js:497:7)","timestamp":"2025-01-26T18:24:19.046Z"}
{"level":"error","message":"timeout exceeded when trying to connect","service":"pickapp-service","stack":"Error: timeout exceeded when trying to connect\n    at Timeout._onTimeout (C:\\Distrib\\TZ\\WarehouseService\\node_modules\\pg-pool\\index.js:205:27)\n    at listOnTimeout (internal/timers.js:554:17)\n    at processTimers (internal/timers.js:497:7)","timestamp":"2025-01-26T18:24:19.627Z"}
{"level":"error","message":"timeout exceeded when trying to connect","service":"pickapp-service","stack":"Error: timeout exceeded when trying to connect\n    at Timeout._onTimeout (C:\\Distrib\\TZ\\WarehouseService\\node_modules\\pg-pool\\index.js:205:27)\n    at listOnTimeout (internal/timers.js:554:17)\n    at processTimers (internal/timers.js:497:7)","timestamp":"2025-01-26T18:24:21.286Z"}
{"level":"error","message":"timeout exceeded when trying to connect","service":"pickapp-service","stack":"Error: timeout exceeded when trying to connect\n    at Timeout._onTimeout (C:\\Distrib\\TZ\\WarehouseService\\node_modules\\pg-pool\\index.js:205:27)\n    at listOnTimeout (internal/timers.js:554:17)\n    at processTimers (internal/timers.js:497:7)","timestamp":"2025-01-26T18:24:21.785Z"}
{"level":"error","message":"timeout exceeded when trying to connect","service":"pickapp-service","stack":"Error: timeout exceeded when trying to connect\n    at Timeout._onTimeout (C:\\Distrib\\TZ\\WarehouseService\\node_modules\\pg-pool\\index.js:205:27)\n    at listOnTimeout (internal/timers.js:554:17)\n    at processTimers (internal/timers.js:497:7)","timestamp":"2025-01-26T18:24:22.352Z"}
{"level":"error","message":"timeout exceeded when trying to connect","service":"pickapp-service","stack":"Error: timeout exceeded when trying to connect\n    at Timeout._onTimeout (C:\\Distrib\\TZ\\WarehouseService\\node_modules\\pg-pool\\index.js:205:27)\n    at listOnTimeout (internal/timers.js:554:17)\n    at processTimers (internal/timers.js:497:7)","timestamp":"2025-01-26T18:27:38.928Z"}
{"level":"error","message":"error is not defined","service":"pickapp-service","stack":"ReferenceError: error is not defined\n    at C:\\Distrib\\TZ\\WarehouseService\\controllers\\warehouseController.js:81:89\n    at processTicksAndRejections (internal/process/task_queues.js:93:5)\n    at runNextTicks (internal/process/task_queues.js:62:3)\n    at listOnTimeout (internal/timers.js:523:9)\n    at processTimers (internal/timers.js:497:7)\n    at async Promise.all (index 1)\n    at async exports.getProductsByCategories (C:\\Distrib\\TZ\\WarehouseService\\controllers\\warehouseController.js:71:28)","timestamp":"2025-01-26T18:28:12.848Z"}
{"level":"error","message":"timeout exceeded when trying to connect","service":"pickapp-service","stack":"Error: timeout exceeded when trying to connect\n    at Timeout._onTimeout (C:\\Distrib\\TZ\\WarehouseService\\node_modules\\pg-pool\\index.js:205:27)\n    at listOnTimeout (internal/timers.js:554:17)\n    at processTimers (internal/timers.js:497:7)","timestamp":"2025-01-26T18:28:12.857Z"}
{"level":"error","message":"timeout exceeded when trying to connect","service":"pickapp-service","stack":"Error: timeout exceeded when trying to connect\n    at Timeout._onTimeout (C:\\Distrib\\TZ\\WarehouseService\\node_modules\\pg-pool\\index.js:205:27)\n    at listOnTimeout (internal/timers.js:554:17)\n    at processTimers (internal/timers.js:497:7)","timestamp":"2025-01-26T18:28:12.863Z"}
{"level":"error","message":"timeout exceeded when trying to connect","service":"pickapp-service","stack":"Error: timeout exceeded when trying to connect\n    at Timeout._onTimeout (C:\\Distrib\\TZ\\WarehouseService\\node_modules\\pg-pool\\index.js:205:27)\n    at listOnTimeout (internal/timers.js:554:17)\n    at processTimers (internal/timers.js:497:7)","timestamp":"2025-01-26T18:28:12.866Z"}
{"level":"error","message":"timeout exceeded when trying to connect","service":"pickapp-service","stack":"Error: timeout exceeded when trying to connect\n    at Timeout._onTimeout (C:\\Distrib\\TZ\\WarehouseService\\node_modules\\pg-pool\\index.js:205:27)\n    at listOnTimeout (internal/timers.js:554:17)\n    at processTimers (internal/timers.js:497:7)","timestamp":"2025-01-26T18:28:12.868Z"}
{"level":"error","message":"timeout exceeded when trying to connect","service":"pickapp-service","stack":"Error: timeout exceeded when trying to connect\n    at Timeout._onTimeout (C:\\Distrib\\TZ\\WarehouseService\\node_modules\\pg-pool\\index.js:205:27)\n    at listOnTimeout (internal/timers.js:554:17)\n    at processTimers (internal/timers.js:497:7)","timestamp":"2025-01-26T18:28:12.873Z"}
{"level":"error","message":"timeout exceeded when trying to connect","service":"pickapp-service","stack":"Error: timeout exceeded when trying to connect\n    at Timeout._onTimeout (C:\\Distrib\\TZ\\WarehouseService\\node_modules\\pg-pool\\index.js:205:27)\n    at listOnTimeout (internal/timers.js:554:17)\n    at processTimers (internal/timers.js:497:7)","timestamp":"2025-01-26T18:28:12.877Z"}
{"level":"error","message":"timeout exceeded when trying to connect","service":"pickapp-service","stack":"Error: timeout exceeded when trying to connect\n    at Timeout._onTimeout (C:\\Distrib\\TZ\\WarehouseService\\node_modules\\pg-pool\\index.js:205:27)\n    at listOnTimeout (internal/timers.js:554:17)\n    at processTimers (internal/timers.js:497:7)","timestamp":"2025-01-26T18:28:12.880Z"}
{"level":"error","message":"timeout exceeded when trying to connect","service":"pickapp-service","stack":"Error: timeout exceeded when trying to connect\n    at Timeout._onTimeout (C:\\Distrib\\TZ\\WarehouseService\\node_modules\\pg-pool\\index.js:205:27)\n    at listOnTimeout (internal/timers.js:554:17)\n    at processTimers (internal/timers.js:497:7)","timestamp":"2025-01-26T18:30:05.032Z"}
{"level":"error","message":"     41ac6b0f-2d17-4e01-b923-0a467398bdf5: timeout exceeded when trying to connect","service":"pickapp-service","timestamp":"2025-01-26T18:30:05.041Z"}
{"level":"error","message":"timeout exceeded when trying to connect","service":"pickapp-service","stack":"Error: timeout exceeded when trying to connect\n    at Timeout._onTimeout (C:\\Distrib\\TZ\\WarehouseService\\node_modules\\pg-pool\\index.js:205:27)\n    at listOnTimeout (internal/timers.js:554:17)\n    at processTimers (internal/timers.js:497:7)","timestamp":"2025-01-26T18:30:05.043Z"}
{"level":"error","message":"     71031478-9d37-4f1a-9d6e-df6af4b24610: timeout exceeded when trying to connect","service":"pickapp-service","timestamp":"2025-01-26T18:30:05.044Z"}
{"level":"error","message":"timeout exceeded when trying to connect","service":"pickapp-service","stack":"Error: timeout exceeded when trying to connect\n    at Timeout._onTimeout (C:\\Distrib\\TZ\\WarehouseService\\node_modules\\pg-pool\\index.js:205:27)\n    at listOnTimeout (internal/timers.js:554:17)\n    at processTimers (internal/timers.js:497:7)","timestamp":"2025-01-26T18:30:05.047Z"}
{"level":"error","message":"     ea20e4f6-30d6-4ce1-a494-be371a5be678: timeout exceeded when trying to connect","service":"pickapp-service","timestamp":"2025-01-26T18:30:05.053Z"}
{"level":"error","message":"timeout exceeded when trying to connect","service":"pickapp-service","stack":"Error: timeout exceeded when trying to connect\n    at Timeout._onTimeout (C:\\Distrib\\TZ\\WarehouseService\\node_modules\\pg-pool\\index.js:205:27)\n    at listOnTimeout (internal/timers.js:554:17)\n    at processTimers (internal/timers.js:497:7)","timestamp":"2025-01-26T18:30:05.056Z"}
{"level":"error","message":"     02f3da46-59cf-4aeb-85d1-1764edb7307d: timeout exceeded when trying to connect","service":"pickapp-service","timestamp":"2025-01-26T18:30:05.057Z"}
{"level":"error","message":"timeout exceeded when trying to connect","service":"pickapp-service","stack":"Error: timeout exceeded when trying to connect\n    at Timeout._onTimeout (C:\\Distrib\\TZ\\WarehouseService\\node_modules\\pg-pool\\index.js:205:27)\n    at listOnTimeout (internal/timers.js:554:17)\n    at processTimers (internal/timers.js:497:7)","timestamp":"2025-01-26T18:30:05.059Z"}
{"level":"error","message":"     6bba5613-2f09-40f1-8285-ceffca65b89e: timeout exceeded when trying to connect","service":"pickapp-service","timestamp":"2025-01-26T18:30:05.060Z"}
{"level":"error","message":"timeout exceeded when trying to connect","service":"pickapp-service","stack":"Error: timeout exceeded when trying to connect\n    at Timeout._onTimeout (C:\\Distrib\\TZ\\WarehouseService\\node_modules\\pg-pool\\index.js:205:27)\n    at listOnTimeout (internal/timers.js:554:17)\n    at processTimers (internal/timers.js:497:7)","timestamp":"2025-01-26T18:30:05.062Z"}
{"level":"error","message":"     21fce5c8-86df-4377-a103-e32f9a2f65c5: timeout exceeded when trying to connect","service":"pickapp-service","timestamp":"2025-01-26T18:30:05.063Z"}
{"level":"error","message":"timeout exceeded when trying to connect","service":"pickapp-service","stack":"Error: timeout exceeded when trying to connect\n    at Timeout._onTimeout (C:\\Distrib\\TZ\\WarehouseService\\node_modules\\pg-pool\\index.js:205:27)\n    at listOnTimeout (internal/timers.js:554:17)\n    at processTimers (internal/timers.js:497:7)","timestamp":"2025-01-26T18:30:05.064Z"}
{"level":"error","message":"     6eceec99-6e65-4568-8580-4a9f1bc2f8fd: timeout exceeded when trying to connect","service":"pickapp-service","timestamp":"2025-01-26T18:30:05.066Z"}
{"level":"error","message":"timeout exceeded when trying to connect","service":"pickapp-service","stack":"Error: timeout exceeded when trying to connect\n    at Timeout._onTimeout (C:\\Distrib\\TZ\\WarehouseService\\node_modules\\pg-pool\\index.js:205:27)\n    at listOnTimeout (internal/timers.js:554:17)\n    at processTimers (internal/timers.js:497:7)","timestamp":"2025-01-26T18:30:05.070Z"}
{"level":"error","message":"     811e4882-476b-4ff7-9a91-20c058db769b: timeout exceeded when trying to connect","service":"pickapp-service","timestamp":"2025-01-26T18:30:05.072Z"}
{"level":"error","message":"timeout exceeded when trying to connect","service":"pickapp-service","stack":"Error: timeout exceeded when trying to connect\n    at Timeout._onTimeout (C:\\Distrib\\TZ\\WarehouseService\\node_modules\\pg-pool\\index.js:205:27)\n    at listOnTimeout (internal/timers.js:554:17)\n    at processTimers (internal/timers.js:497:7)","timestamp":"2025-01-26T18:30:28.522Z"}
{"level":"error","message":"     41ac6b0f-2d17-4e01-b923-0a467398bdf5: timeout exceeded when trying to connect","service":"pickapp-service","timestamp":"2025-01-26T18:30:28.527Z"}
{"level":"error","message":"timeout exceeded when trying to connect","service":"pickapp-service","stack":"Error: timeout exceeded when trying to connect\n    at Timeout._onTimeout (C:\\Distrib\\TZ\\WarehouseService\\node_modules\\pg-pool\\index.js:205:27)\n    at listOnTimeout (internal/timers.js:554:17)\n    at processTimers (internal/timers.js:497:7)","timestamp":"2025-01-26T18:30:28.532Z"}
{"level":"error","message":"     71031478-9d37-4f1a-9d6e-df6af4b24610: timeout exceeded when trying to connect","service":"pickapp-service","timestamp":"2025-01-26T18:30:28.539Z"}
{"level":"error","message":"timeout exceeded when trying to connect","service":"pickapp-service","stack":"Error: timeout exceeded when trying to connect\n    at Timeout._onTimeout (C:\\Distrib\\TZ\\WarehouseService\\node_modules\\pg-pool\\index.js:205:27)\n    at listOnTimeout (internal/timers.js:554:17)\n    at processTimers (internal/timers.js:497:7)","timestamp":"2025-01-26T18:30:28.542Z"}
{"level":"error","message":"     ea20e4f6-30d6-4ce1-a494-be371a5be678: timeout exceeded when trying to connect","service":"pickapp-service","timestamp":"2025-01-26T18:30:28.544Z"}
{"level":"error","message":"timeout exceeded when trying to connect","service":"pickapp-service","stack":"Error: timeout exceeded when trying to connect\n    at Timeout._onTimeout (C:\\Distrib\\TZ\\WarehouseService\\node_modules\\pg-pool\\index.js:205:27)\n    at listOnTimeout (internal/timers.js:554:17)\n    at processTimers (internal/timers.js:497:7)","timestamp":"2025-01-26T18:30:28.547Z"}
{"level":"error","message":"     02f3da46-59cf-4aeb-85d1-1764edb7307d: timeout exceeded when trying to connect","service":"pickapp-service","timestamp":"2025-01-26T18:30:28.550Z"}
{"level":"error","message":"timeout exceeded when trying to connect","service":"pickapp-service","stack":"Error: timeout exceeded when trying to connect\n    at Timeout._onTimeout (C:\\Distrib\\TZ\\WarehouseService\\node_modules\\pg-pool\\index.js:205:27)\n    at listOnTimeout (internal/timers.js:554:17)\n    at processTimers (internal/timers.js:497:7)","timestamp":"2025-01-26T18:30:28.555Z"}
{"level":"error","message":"     6bba5613-2f09-40f1-8285-ceffca65b89e: timeout exceeded when trying to connect","service":"pickapp-service","timestamp":"2025-01-26T18:30:28.556Z"}
{"level":"error","message":"timeout exceeded when trying to connect","service":"pickapp-service","stack":"Error: timeout exceeded when trying to connect\n    at Timeout._onTimeout (C:\\Distrib\\TZ\\WarehouseService\\node_modules\\pg-pool\\index.js:205:27)\n    at listOnTimeout (internal/timers.js:554:17)\n    at processTimers (internal/timers.js:497:7)","timestamp":"2025-01-26T18:30:28.557Z"}
{"level":"error","message":"     21fce5c8-86df-4377-a103-e32f9a2f65c5: timeout exceeded when trying to connect","service":"pickapp-service","timestamp":"2025-01-26T18:30:28.560Z"}
{"level":"error","message":"timeout exceeded when trying to connect","service":"pickapp-service","stack":"Error: timeout exceeded when trying to connect\n    at Timeout._onTimeout (C:\\Distrib\\TZ\\WarehouseService\\node_modules\\pg-pool\\index.js:205:27)\n    at listOnTimeout (internal/timers.js:554:17)\n    at processTimers (internal/timers.js:497:7)","timestamp":"2025-01-26T18:30:28.563Z"}
{"level":"error","message":"     6eceec99-6e65-4568-8580-4a9f1bc2f8fd: timeout exceeded when trying to connect","service":"pickapp-service","timestamp":"2025-01-26T18:30:28.564Z"}
{"level":"error","message":"timeout exceeded when trying to connect","service":"pickapp-service","stack":"Error: timeout exceeded when trying to connect\n    at Timeout._onTimeout (C:\\Distrib\\TZ\\WarehouseService\\node_modules\\pg-pool\\index.js:205:27)\n    at listOnTimeout (internal/timers.js:554:17)\n    at processTimers (internal/timers.js:497:7)","timestamp":"2025-01-26T18:30:28.565Z"}
{"level":"error","message":"     811e4882-476b-4ff7-9a91-20c058db769b: timeout exceeded when trying to connect","service":"pickapp-service","timestamp":"2025-01-26T18:30:28.567Z"}
